# JRE version: OpenJDK Runtime Environment (8.0_202-b03) (build 1.8.0_202-release-1483-b03)
# Java VM: OpenJDK 64-Bit Server VM (25.202-b03 mixed mode windows-amd64 compressed oops)
Heap:
 PSYoungGen      total 237056K, used 117532K [0x00000000e0000000, 0x00000000f6900000, 0x0000000100000000)
  eden space 188928K, 62% used [0x00000000e0000000,0x00000000e72c73c8,0x00000000eb880000)
  from space 48128K, 0% used [0x00000000eb880000,0x00000000eb880000,0x00000000ee780000)
  to   space 73728K, 0% used [0x00000000f2100000,0x00000000f2100000,0x00000000f6900000)
 ParOldGen       total 235520K, used 199832K [0x00000000a0000000, 0x00000000ae600000, 0x00000000e0000000)
  object space 235520K, 84% used [0x00000000a0000000,0x00000000ac3262d0,0x00000000ae600000)
 Metaspace       used 89627K, capacity 92862K, committed 93528K, reserved 1130496K
  class space    used 11367K, capacity 11962K, committed 12160K, reserved 1048576K
GC Heap History (10 events):
Event: 10471.948 GC heap before
{Heap before GC invocations=27 (full 4):
 PSYoungGen      total 231424K, used 228024K [0x00000000e0000000, 0x00000000f2500000, 0x0000000100000000)
  eden space 188928K, 100% used [0x00000000e0000000,0x00000000eb880000,0x00000000eb880000)
  from space 42496K, 92% used [0x00000000ee780000,0x00000000f0dae1d8,0x00000000f1100000)
  to   space 48128K, 0% used [0x00000000eb880000,0x00000000eb880000,0x00000000ee780000)
 ParOldGen       total 141312K, used 85676K [0x00000000a0000000, 0x00000000a8a00000, 0x00000000e0000000)
  object space 141312K, 60% used [0x00000000a0000000,0x00000000a53ab338,0x00000000a8a00000)
 Metaspace       used 84324K, capacity 87036K, committed 88280K, reserved 1126400K
  class space    used 10683K, capacity 11259K, committed 11520K, reserved 1048576K
Event: 10472.125 GC heap after
Heap after GC invocations=27 (full 4):
 PSYoungGen      total 237056K, used 48122K [0x00000000e0000000, 0x00000000f6900000, 0x0000000100000000)
  eden space 188928K, 0% used [0x00000000e0000000,0x00000000e0000000,0x00000000eb880000)
  from space 48128K, 99% used [0x00000000eb880000,0x00000000ee77e910,0x00000000ee780000)
  to   space 73728K, 0% used [0x00000000f2100000,0x00000000f2100000,0x00000000f6900000)
 ParOldGen       total 141312K, used 133104K [0x00000000a0000000, 0x00000000a8a00000, 0x00000000e0000000)
  object space 141312K, 94% used [0x00000000a0000000,0x00000000a81fc288,0x00000000a8a00000)
 Metaspace       used 84324K, capacity 87036K, committed 88280K, reserved 1126400K
  class space    used 10683K, capacity 11259K, committed 11520K, reserved 1048576K
}
Event: 10472.125 GC heap before
{Heap before GC invocations=28 (full 5):
 PSYoungGen      total 237056K, used 48122K [0x00000000e0000000, 0x00000000f6900000, 0x0000000100000000)
  eden space 188928K, 0% used [0x00000000e0000000,0x00000000e0000000,0x00000000eb880000)
  from space 48128K, 99% used [0x00000000eb880000,0x00000000ee77e910,0x00000000ee780000)
  to   space 73728K, 0% used [0x00000000f2100000,0x00000000f2100000,0x00000000f6900000)
 ParOldGen       total 141312K, used 133104K [0x00000000a0000000, 0x00000000a8a00000, 0x00000000e0000000)
  object space 141312K, 94% used [0x00000000a0000000,0x00000000a81fc288,0x00000000a8a00000)
 Metaspace       used 84324K, capacity 87036K, committed 88280K, reserved 1126400K
  class space    used 10683K, capacity 11259K, committed 11520K, reserved 1048576K
Event: 10472.945 GC heap after
Heap after GC invocations=28 (full 5):
 PSYoungGen      total 237056K, used 0K [0x00000000e0000000, 0x00000000f6900000, 0x0000000100000000)
  eden space 188928K, 0% used [0x00000000e0000000,0x00000000e0000000,0x00000000eb880000)
  from space 48128K, 0% used [0x00000000eb880000,0x00000000eb880000,0x00000000ee780000)
  to   space 73728K, 0% used [0x00000000f2100000,0x00000000f2100000,0x00000000f6900000)
 ParOldGen       total 235520K, used 119498K [0x00000000a0000000, 0x00000000ae600000, 0x00000000e0000000)
  object space 235520K, 50% used [0x00000000a0000000,0x00000000a74b2b38,0x00000000ae600000)
 Metaspace       used 84052K, capacity 86678K, committed 88280K, reserved 1126400K
  class space    used 10655K, capacity 11208K, committed 11520K, reserved 1048576K
}
Event: 10476.386 GC heap before
{Heap before GC invocations=29 (full 5):
 PSYoungGen      total 237056K, used 188928K [0x00000000e0000000, 0x00000000f6900000, 0x0000000100000000)
  eden space 188928K, 100% used [0x00000000e0000000,0x00000000eb880000,0x00000000eb880000)
  from space 48128K, 0% used [0x00000000eb880000,0x00000000eb880000,0x00000000ee780000)
  to   space 73728K, 0% used [0x00000000f2100000,0x00000000f2100000,0x00000000f6900000)
 ParOldGen       total 235520K, used 119498K [0x00000000a0000000, 0x00000000ae600000, 0x00000000e0000000)
  object space 235520K, 50% used [0x00000000a0000000,0x00000000a74b2b38,0x00000000ae600000)
 Metaspace       used 87558K, capacity 90464K, committed 91352K, reserved 1128448K
  class space    used 11207K, capacity 11781K, committed 12032K, reserved 1048576K
Event: 10476.641 GC heap after
Heap after GC invocations=29 (full 5):
 PSYoungGen      total 262656K, used 73718K [0x00000000e0000000, 0x00000000f6900000, 0x0000000100000000)
  eden space 188928K, 0% used [0x00000000e0000000,0x00000000e0000000,0x00000000eb880000)
  from space 73728K, 99% used [0x00000000f2100000,0x00000000f68fd9b8,0x00000000f6900000)
  to   space 48128K, 0% used [0x00000000eb880000,0x00000000eb880000,0x00000000ee780000)
 ParOldGen       total 235520K, used 130893K [0x00000000a0000000, 0x00000000ae600000, 0x00000000e0000000)
  object space 235520K, 55% used [0x00000000a0000000,0x00000000a7fd3558,0x00000000ae600000)
 Metaspace       used 87558K, capacity 90464K, committed 91352K, reserved 1128448K
  class space    used 11207K, capacity 11781K, committed 12032K, reserved 1048576K
}
Event: 10479.229 GC heap before
{Heap before GC invocations=30 (full 5):
 PSYoungGen      total 262656K, used 262646K [0x00000000e0000000, 0x00000000f6900000, 0x0000000100000000)
  eden space 188928K, 100% used [0x00000000e0000000,0x00000000eb880000,0x00000000eb880000)
  from space 73728K, 99% used [0x00000000f2100000,0x00000000f68fd9b8,0x00000000f6900000)
  to   space 48128K, 0% used [0x00000000eb880000,0x00000000eb880000,0x00000000ee780000)
 ParOldGen       total 235520K, used 130893K [0x00000000a0000000, 0x00000000ae600000, 0x00000000e0000000)
  object space 235520K, 55% used [0x00000000a0000000,0x00000000a7fd3558,0x00000000ae600000)
 Metaspace       used 88917K, capacity 91854K, committed 92632K, reserved 1130496K
  class space    used 11280K, capacity 11862K, committed 12032K, reserved 1048576K
Event: 10479.508 GC heap after
Heap after GC invocations=30 (full 5):
 PSYoungGen      total 237056K, used 48107K [0x00000000e0000000, 0x00000000f6900000, 0x0000000100000000)
  eden space 188928K, 0% used [0x00000000e0000000,0x00000000e0000000,0x00000000eb880000)
  from space 48128K, 99% used [0x00000000eb880000,0x00000000ee77acf0,0x00000000ee780000)
  to   space 73728K, 0% used [0x00000000f2100000,0x00000000f2100000,0x00000000f6900000)
 ParOldGen       total 235520K, used 194034K [0x00000000a0000000, 0x00000000ae600000, 0x00000000e0000000)
  object space 235520K, 82% used [0x00000000a0000000,0x00000000abd7cb60,0x00000000ae600000)
 Metaspace       used 88917K, capacity 91854K, committed 92632K, reserved 1130496K
  class space    used 11280K, capacity 11862K, committed 12032K, reserved 1048576K
}
Event: 10479.508 GC heap before
{Heap before GC invocations=31 (full 6):
 PSYoungGen      total 237056K, used 48107K [0x00000000e0000000, 0x00000000f6900000, 0x0000000100000000)
  eden space 188928K, 0% used [0x00000000e0000000,0x00000000e0000000,0x00000000eb880000)
  from space 48128K, 99% used [0x00000000eb880000,0x00000000ee77acf0,0x00000000ee780000)
  to   space 73728K, 0% used [0x00000000f2100000,0x00000000f2100000,0x00000000f6900000)
 ParOldGen       total 235520K, used 194034K [0x00000000a0000000, 0x00000000ae600000, 0x00000000e0000000)
  object space 235520K, 82% used [0x00000000a0000000,0x00000000abd7cb60,0x00000000ae600000)
 Metaspace       used 88917K, capacity 91854K, committed 92632K, reserved 1130496K
  class space    used 11280K, capacity 11862K, committed 12032K, reserved 1048576K
Event: 10481.528 GC heap after
Heap after GC invocations=31 (full 6):
 PSYoungGen      total 237056K, used 0K [0x00000000e0000000, 0x00000000f6900000, 0x0000000100000000)
  eden space 188928K, 0% used [0x00000000e0000000,0x00000000e0000000,0x00000000eb880000)
  from space 48128K, 0% used [0x00000000eb880000,0x00000000eb880000,0x00000000ee780000)
  to   space 73728K, 0% used [0x00000000f2100000,0x00000000f2100000,0x00000000f6900000)
 ParOldGen       total 235520K, used 199832K [0x00000000a0000000, 0x00000000ae600000, 0x00000000e0000000)
  object space 235520K, 84% used [0x00000000a0000000,0x00000000ac3262d0,0x00000000ae600000)
 Metaspace       used 88901K, capacity 91814K, committed 92632K, reserved 1130496K
  class space    used 11274K, capacity 11852K, committed 12032K, reserved 1048576K
}

