# JRE version: Java(TM) SE Runtime Environment (8.0_231-b11) (build 1.8.0_231-b11)
# Java VM: Java HotSpot(TM) 64-Bit Server VM (25.231-b11 mixed mode windows-amd64 compressed oops)
Heap:
 PSYoungGen      total 496128K, used 247608K [0x00000000e0000000, 0x0000000100000000, 0x0000000100000000)
  eden space 473088K, 48% used [0x00000000e0000000,0x00000000edf67ca0,0x00000000fce00000)
  from space 23040K, 81% used [0x00000000fe900000,0x00000000ffb66460,0x00000000fff80000)
  to   space 25600K, 0% used [0x00000000fce00000,0x00000000fce00000,0x00000000fe700000)
 ParOldGen       total 158208K, used 137241K [0x00000000a0000000, 0x00000000a9a80000, 0x00000000e0000000)
  object space 158208K, 86% used [0x00000000a0000000,0x00000000a86067a8,0x00000000a9a80000)
 Metaspace       used 78276K, capacity 81862K, committed 82816K, reserved 1120256K
  class space    used 10699K, capacity 11423K, committed 11648K, reserved 1048576K
GC Heap History (10 events):
Event: 99.218 GC heap before
{Heap before GC invocations=35 (full 5):
 PSYoungGen      total 498176K, used 479762K [0x00000000e0000000, 0x00000000fff00000, 0x0000000100000000)
  eden space 475136K, 100% used [0x00000000e0000000,0x00000000fd000000,0x00000000fd000000)
  from space 23040K, 20% used [0x00000000fd000000,0x00000000fd4848d0,0x00000000fe680000)
  to   space 23040K, 0% used [0x00000000fe880000,0x00000000fe880000,0x00000000fff00000)
 ParOldGen       total 158208K, used 122594K [0x00000000a0000000, 0x00000000a9a80000, 0x00000000e0000000)
  object space 158208K, 77% used [0x00000000a0000000,0x00000000a77b8b18,0x00000000a9a80000)
 Metaspace       used 78191K, capacity 81834K, committed 82816K, reserved 1120256K
  class space    used 10697K, capacity 11421K, committed 11648K, reserved 1048576K
Event: 99.234 GC heap after
Heap after GC invocations=35 (full 5):
 PSYoungGen      total 500224K, used 2944K [0x00000000e0000000, 0x0000000100000000, 0x0000000100000000)
  eden space 477184K, 0% used [0x00000000e0000000,0x00000000e0000000,0x00000000fd200000)
  from space 23040K, 12% used [0x00000000fe880000,0x00000000feb602d0,0x00000000fff00000)
  to   space 23040K, 0% used [0x00000000fd200000,0x00000000fd200000,0x00000000fe880000)
 ParOldGen       total 158208K, used 124298K [0x00000000a0000000, 0x00000000a9a80000, 0x00000000e0000000)
  object space 158208K, 78% used [0x00000000a0000000,0x00000000a7962990,0x00000000a9a80000)
 Metaspace       used 78191K, capacity 81834K, committed 82816K, reserved 1120256K
  class space    used 10697K, capacity 11421K, committed 11648K, reserved 1048576K
}
Event: 100.888 GC heap before
{Heap before GC invocations=36 (full 5):
 PSYoungGen      total 500224K, used 480128K [0x00000000e0000000, 0x0000000100000000, 0x0000000100000000)
  eden space 477184K, 100% used [0x00000000e0000000,0x00000000fd200000,0x00000000fd200000)
  from space 23040K, 12% used [0x00000000fe880000,0x00000000feb602d0,0x00000000fff00000)
  to   space 23040K, 0% used [0x00000000fd200000,0x00000000fd200000,0x00000000fe880000)
 ParOldGen       total 158208K, used 124298K [0x00000000a0000000, 0x00000000a9a80000, 0x00000000e0000000)
  object space 158208K, 78% used [0x00000000a0000000,0x00000000a7962990,0x00000000a9a80000)
 Metaspace       used 78202K, capacity 81834K, committed 82816K, reserved 1120256K
  class space    used 10697K, capacity 11421K, committed 11648K, reserved 1048576K
Event: 100.901 GC heap after
Heap after GC invocations=36 (full 5):
 PSYoungGen      total 500224K, used 2471K [0x00000000e0000000, 0x00000000fff00000, 0x0000000100000000)
  eden space 477184K, 0% used [0x00000000e0000000,0x00000000e0000000,0x00000000fd200000)
  from space 23040K, 10% used [0x00000000fd200000,0x00000000fd469c30,0x00000000fe880000)
  to   space 22528K, 0% used [0x00000000fe900000,0x00000000fe900000,0x00000000fff00000)
 ParOldGen       total 158208K, used 125517K [0x00000000a0000000, 0x00000000a9a80000, 0x00000000e0000000)
  object space 158208K, 79% used [0x00000000a0000000,0x00000000a7a937f8,0x00000000a9a80000)
 Metaspace       used 78202K, capacity 81834K, committed 82816K, reserved 1120256K
  class space    used 10697K, capacity 11421K, committed 11648K, reserved 1048576K
}
Event: 102.497 GC heap before
{Heap before GC invocations=37 (full 5):
 PSYoungGen      total 500224K, used 479655K [0x00000000e0000000, 0x00000000fff00000, 0x0000000100000000)
  eden space 477184K, 100% used [0x00000000e0000000,0x00000000fd200000,0x00000000fd200000)
  from space 23040K, 10% used [0x00000000fd200000,0x00000000fd469c30,0x00000000fe880000)
  to   space 22528K, 0% used [0x00000000fe900000,0x00000000fe900000,0x00000000fff00000)
 ParOldGen       total 158208K, used 125517K [0x00000000a0000000, 0x00000000a9a80000, 0x00000000e0000000)
  object space 158208K, 79% used [0x00000000a0000000,0x00000000a7a937f8,0x00000000a9a80000)
 Metaspace       used 78223K, capacity 81834K, committed 82816K, reserved 1120256K
  class space    used 10698K, capacity 11421K, committed 11648K, reserved 1048576K
Event: 102.539 GC heap after
Heap after GC invocations=37 (full 5):
 PSYoungGen      total 498688K, used 15258K [0x00000000e0000000, 0x0000000100000000, 0x0000000100000000)
  eden space 476160K, 0% used [0x00000000e0000000,0x00000000e0000000,0x00000000fd100000)
  from space 22528K, 67% used [0x00000000fe900000,0x00000000ff7e68e8,0x00000000fff00000)
  to   space 24064K, 0% used [0x00000000fd100000,0x00000000fd100000,0x00000000fe880000)
 ParOldGen       total 158208K, used 126975K [0x00000000a0000000, 0x00000000a9a80000, 0x00000000e0000000)
  object space 158208K, 80% used [0x00000000a0000000,0x00000000a7bffd38,0x00000000a9a80000)
 Metaspace       used 78223K, capacity 81834K, committed 82816K, reserved 1120256K
  class space    used 10698K, capacity 11421K, committed 11648K, reserved 1048576K
}
Event: 104.317 GC heap before
{Heap before GC invocations=38 (full 5):
 PSYoungGen      total 498688K, used 491418K [0x00000000e0000000, 0x0000000100000000, 0x0000000100000000)
  eden space 476160K, 100% used [0x00000000e0000000,0x00000000fd100000,0x00000000fd100000)
  from space 22528K, 67% used [0x00000000fe900000,0x00000000ff7e68e8,0x00000000fff00000)
  to   space 24064K, 0% used [0x00000000fd100000,0x00000000fd100000,0x00000000fe880000)
 ParOldGen       total 158208K, used 126975K [0x00000000a0000000, 0x00000000a9a80000, 0x00000000e0000000)
  object space 158208K, 80% used [0x00000000a0000000,0x00000000a7bffd38,0x00000000a9a80000)
 Metaspace       used 78263K, capacity 81856K, committed 82816K, reserved 1120256K
  class space    used 10698K, capacity 11422K, committed 11648K, reserved 1048576K
Event: 104.341 GC heap after
Heap after GC invocations=38 (full 5):
 PSYoungGen      total 500224K, used 4409K [0x00000000e0000000, 0x00000000fff80000, 0x0000000100000000)
  eden space 476160K, 0% used [0x00000000e0000000,0x00000000e0000000,0x00000000fd100000)
  from space 24064K, 18% used [0x00000000fd100000,0x00000000fd54e778,0x00000000fe880000)
  to   space 23040K, 0% used [0x00000000fe900000,0x00000000fe900000,0x00000000fff80000)
 ParOldGen       total 158208K, used 135545K [0x00000000a0000000, 0x00000000a9a80000, 0x00000000e0000000)
  object space 158208K, 85% used [0x00000000a0000000,0x00000000a845e6f8,0x00000000a9a80000)
 Metaspace       used 78263K, capacity 81856K, committed 82816K, reserved 1120256K
  class space    used 10698K, capacity 11422K, committed 11648K, reserved 1048576K
}
Event: 105.846 GC heap before
{Heap before GC invocations=39 (full 5):
 PSYoungGen      total 500224K, used 480569K [0x00000000e0000000, 0x00000000fff80000, 0x0000000100000000)
  eden space 476160K, 100% used [0x00000000e0000000,0x00000000fd100000,0x00000000fd100000)
  from space 24064K, 18% used [0x00000000fd100000,0x00000000fd54e778,0x00000000fe880000)
  to   space 23040K, 0% used [0x00000000fe900000,0x00000000fe900000,0x00000000fff80000)
 ParOldGen       total 158208K, used 135545K [0x00000000a0000000, 0x00000000a9a80000, 0x00000000e0000000)
  object space 158208K, 85% used [0x00000000a0000000,0x00000000a845e6f8,0x00000000a9a80000)
 Metaspace       used 78273K, capacity 81862K, committed 82816K, reserved 1120256K
  class space    used 10699K, capacity 11423K, committed 11648K, reserved 1048576K
Event: 105.880 GC heap after
Heap after GC invocations=39 (full 5):
 PSYoungGen      total 496128K, used 18841K [0x00000000e0000000, 0x0000000100000000, 0x0000000100000000)
  eden space 473088K, 0% used [0x00000000e0000000,0x00000000e0000000,0x00000000fce00000)
  from space 23040K, 81% used [0x00000000fe900000,0x00000000ffb66460,0x00000000fff80000)
  to   space 25600K, 0% used [0x00000000fce00000,0x00000000fce00000,0x00000000fe700000)
 ParOldGen       total 158208K, used 137241K [0x00000000a0000000, 0x00000000a9a80000, 0x00000000e0000000)
  object space 158208K, 86% used [0x00000000a0000000,0x00000000a86067a8,0x00000000a9a80000)
 Metaspace       used 78273K, capacity 81862K, committed 82816K, reserved 1120256K
  class space    used 10699K, capacity 11423K, committed 11648K, reserved 1048576K
}

