# JRE version: Java(TM) SE Runtime Environment (8.0_231-b11) (build 1.8.0_231-b11)
# Java VM: Java HotSpot(TM) 64-Bit Server VM (25.231-b11 mixed mode windows-amd64 compressed oops)
Heap:
 PSYoungGen      total 375296K, used 142983K [0x00000000e0000000, 0x00000000fd680000, 0x0000000100000000)
  eden space 312320K, 44% used [0x00000000e0000000,0x00000000e8929090,0x00000000f3100000)
  from space 62976K, 4% used [0x00000000f6b80000,0x00000000f6df8ec8,0x00000000fa900000)
  to   space 59904K, 0% used [0x00000000f3100000,0x00000000f3100000,0x00000000f6b80000)
 ParOldGen       total 206336K, used 137387K [0x00000000a0000000, 0x00000000ac980000, 0x00000000e0000000)
  object space 206336K, 66% used [0x00000000a0000000,0x00000000a862ac60,0x00000000ac980000)
 Metaspace       used 113271K, capacity 118766K, committed 120064K, reserved 1153024K
  class space    used 14481K, capacity 15484K, committed 15872K, reserved 1048576K
GC Heap History (10 events):
Event: 3529.246 GC heap before
{Heap before GC invocations=56 (full 6):
 PSYoungGen      total 297472K, used 233007K [0x00000000e0000000, 0x00000000f8480000, 0x0000000100000000)
  eden space 227840K, 100% used [0x00000000e0000000,0x00000000ede80000,0x00000000ede80000)
  from space 69632K, 7% used [0x00000000ede80000,0x00000000ee38bf08,0x00000000f2280000)
  to   space 69120K, 0% used [0x00000000f4100000,0x00000000f4100000,0x00000000f8480000)
 ParOldGen       total 206336K, used 104259K [0x00000000a0000000, 0x00000000ac980000, 0x00000000e0000000)
  object space 206336K, 50% used [0x00000000a0000000,0x00000000a65d0c50,0x00000000ac980000)
 Metaspace       used 112972K, capacity 118430K, committed 120064K, reserved 1153024K
  class space    used 14473K, capacity 15450K, committed 15872K, reserved 1048576K
Event: 3529.278 GC heap after
Heap after GC invocations=56 (full 6):
 PSYoungGen      total 329216K, used 2900K [0x00000000e0000000, 0x00000000f8580000, 0x0000000100000000)
  eden space 260096K, 0% used [0x00000000e0000000,0x00000000e0000000,0x00000000efe00000)
  from space 69120K, 4% used [0x00000000f4100000,0x00000000f43d50c8,0x00000000f8480000)
  to   space 68608K, 0% used [0x00000000efe00000,0x00000000efe00000,0x00000000f4100000)
 ParOldGen       total 206336K, used 107291K [0x00000000a0000000, 0x00000000ac980000, 0x00000000e0000000)
  object space 206336K, 51% used [0x00000000a0000000,0x00000000a68c6ff8,0x00000000ac980000)
 Metaspace       used 112972K, capacity 118430K, committed 120064K, reserved 1153024K
  class space    used 14473K, capacity 15450K, committed 15872K, reserved 1048576K
}
Event: 3530.540 GC heap before
{Heap before GC invocations=57 (full 6):
 PSYoungGen      total 329216K, used 262996K [0x00000000e0000000, 0x00000000f8580000, 0x0000000100000000)
  eden space 260096K, 100% used [0x00000000e0000000,0x00000000efe00000,0x00000000efe00000)
  from space 69120K, 4% used [0x00000000f4100000,0x00000000f43d50c8,0x00000000f8480000)
  to   space 68608K, 0% used [0x00000000efe00000,0x00000000efe00000,0x00000000f4100000)
 ParOldGen       total 206336K, used 107291K [0x00000000a0000000, 0x00000000ac980000, 0x00000000e0000000)
  object space 206336K, 51% used [0x00000000a0000000,0x00000000a68c6ff8,0x00000000ac980000)
 Metaspace       used 113039K, capacity 118520K, committed 120064K, reserved 1153024K
  class space    used 14474K, capacity 15451K, committed 15872K, reserved 1048576K
Event: 3530.665 GC heap after
Heap after GC invocations=57 (full 6):
 PSYoungGen      total 328704K, used 17704K [0x00000000e0000000, 0x00000000faa80000, 0x0000000100000000)
  eden space 260096K, 0% used [0x00000000e0000000,0x00000000e0000000,0x00000000efe00000)
  from space 68608K, 25% used [0x00000000efe00000,0x00000000f0f4a108,0x00000000f4100000)
  to   space 64512K, 0% used [0x00000000f6b80000,0x00000000f6b80000,0x00000000faa80000)
 ParOldGen       total 206336K, used 109708K [0x00000000a0000000, 0x00000000ac980000, 0x00000000e0000000)
  object space 206336K, 53% used [0x00000000a0000000,0x00000000a6b23068,0x00000000ac980000)
 Metaspace       used 113039K, capacity 118520K, committed 120064K, reserved 1153024K
  class space    used 14474K, capacity 15451K, committed 15872K, reserved 1048576K
}
Event: 3532.360 GC heap before
{Heap before GC invocations=58 (full 6):
 PSYoungGen      total 328704K, used 277800K [0x00000000e0000000, 0x00000000faa80000, 0x0000000100000000)
  eden space 260096K, 100% used [0x00000000e0000000,0x00000000efe00000,0x00000000efe00000)
  from space 68608K, 25% used [0x00000000efe00000,0x00000000f0f4a108,0x00000000f4100000)
  to   space 64512K, 0% used [0x00000000f6b80000,0x00000000f6b80000,0x00000000faa80000)
 ParOldGen       total 206336K, used 109708K [0x00000000a0000000, 0x00000000ac980000, 0x00000000e0000000)
  object space 206336K, 53% used [0x00000000a0000000,0x00000000a6b23068,0x00000000ac980000)
 Metaspace       used 113180K, capacity 118658K, committed 120064K, reserved 1153024K
  class space    used 14474K, capacity 15452K, committed 15872K, reserved 1048576K
Event: 3532.397 GC heap after
Heap after GC invocations=58 (full 6):
 PSYoungGen      total 370176K, used 1801K [0x00000000e0000000, 0x00000000fa900000, 0x0000000100000000)
  eden space 307200K, 0% used [0x00000000e0000000,0x00000000e0000000,0x00000000f2c00000)
  from space 62976K, 2% used [0x00000000f6b80000,0x00000000f6d426d0,0x00000000fa900000)
  to   space 64000K, 0% used [0x00000000f2c00000,0x00000000f2c00000,0x00000000f6a80000)
 ParOldGen       total 206336K, used 125279K [0x00000000a0000000, 0x00000000ac980000, 0x00000000e0000000)
  object space 206336K, 60% used [0x00000000a0000000,0x00000000a7a57cf0,0x00000000ac980000)
 Metaspace       used 113180K, capacity 118658K, committed 120064K, reserved 1153024K
  class space    used 14474K, capacity 15452K, committed 15872K, reserved 1048576K
}
Event: 3534.130 GC heap before
{Heap before GC invocations=59 (full 6):
 PSYoungGen      total 370176K, used 309001K [0x00000000e0000000, 0x00000000fa900000, 0x0000000100000000)
  eden space 307200K, 100% used [0x00000000e0000000,0x00000000f2c00000,0x00000000f2c00000)
  from space 62976K, 2% used [0x00000000f6b80000,0x00000000f6d426d0,0x00000000fa900000)
  to   space 64000K, 0% used [0x00000000f2c00000,0x00000000f2c00000,0x00000000f6a80000)
 ParOldGen       total 206336K, used 125279K [0x00000000a0000000, 0x00000000ac980000, 0x00000000e0000000)
  object space 206336K, 60% used [0x00000000a0000000,0x00000000a7a57cf0,0x00000000ac980000)
 Metaspace       used 113229K, capacity 118698K, committed 120064K, reserved 1153024K
  class space    used 14480K, capacity 15484K, committed 15872K, reserved 1048576K
Event: 3534.166 GC heap after
Heap after GC invocations=59 (full 6):
 PSYoungGen      total 371200K, used 12001K [0x00000000e0000000, 0x00000000fa900000, 0x0000000100000000)
  eden space 307200K, 0% used [0x00000000e0000000,0x00000000e0000000,0x00000000f2c00000)
  from space 64000K, 18% used [0x00000000f2c00000,0x00000000f37b8690,0x00000000f6a80000)
  to   space 62976K, 0% used [0x00000000f6b80000,0x00000000f6b80000,0x00000000fa900000)
 ParOldGen       total 206336K, used 126522K [0x00000000a0000000, 0x00000000ac980000, 0x00000000e0000000)
  object space 206336K, 61% used [0x00000000a0000000,0x00000000a7b8ebb8,0x00000000ac980000)
 Metaspace       used 113229K, capacity 118698K, committed 120064K, reserved 1153024K
  class space    used 14480K, capacity 15484K, committed 15872K, reserved 1048576K
}
Event: 3535.620 GC heap before
{Heap before GC invocations=60 (full 6):
 PSYoungGen      total 371200K, used 319201K [0x00000000e0000000, 0x00000000fa900000, 0x0000000100000000)
  eden space 307200K, 100% used [0x00000000e0000000,0x00000000f2c00000,0x00000000f2c00000)
  from space 64000K, 18% used [0x00000000f2c00000,0x00000000f37b8690,0x00000000f6a80000)
  to   space 62976K, 0% used [0x00000000f6b80000,0x00000000f6b80000,0x00000000fa900000)
 ParOldGen       total 206336K, used 126522K [0x00000000a0000000, 0x00000000ac980000, 0x00000000e0000000)
  object space 206336K, 61% used [0x00000000a0000000,0x00000000a7b8ebb8,0x00000000ac980000)
 Metaspace       used 113264K, capacity 118766K, committed 120064K, reserved 1153024K
  class space    used 14481K, capacity 15484K, committed 15872K, reserved 1048576K
Event: 3535.652 GC heap after
Heap after GC invocations=60 (full 6):
 PSYoungGen      total 375296K, used 2531K [0x00000000e0000000, 0x00000000fd680000, 0x0000000100000000)
  eden space 312320K, 0% used [0x00000000e0000000,0x00000000e0000000,0x00000000f3100000)
  from space 62976K, 4% used [0x00000000f6b80000,0x00000000f6df8ec8,0x00000000fa900000)
  to   space 59904K, 0% used [0x00000000f3100000,0x00000000f3100000,0x00000000f6b80000)
 ParOldGen       total 206336K, used 137387K [0x00000000a0000000, 0x00000000ac980000, 0x00000000e0000000)
  object space 206336K, 66% used [0x00000000a0000000,0x00000000a862ac60,0x00000000ac980000)
 Metaspace       used 113264K, capacity 118766K, committed 120064K, reserved 1153024K
  class space    used 14481K, capacity 15484K, committed 15872K, reserved 1048576K
}

