# JRE version: OpenJDK Runtime Environment (8.0_202-b03) (build 1.8.0_202-release-1483-b03)
# Java VM: OpenJDK 64-Bit Server VM (25.202-b03 mixed mode windows-amd64 compressed oops)
Heap:
 PSYoungGen      total 288256K, used 171795K [0x00000000e0000000, 0x00000000fa600000, 0x0000000100000000)
  eden space 241152K, 71% used [0x00000000e0000000,0x00000000ea7c4db8,0x00000000eeb80000)
  from space 47104K, 0% used [0x00000000eeb80000,0x00000000eeb80000,0x00000000f1980000)
  to   space 75264K, 0% used [0x00000000f5c80000,0x00000000f5c80000,0x00000000fa600000)
 ParOldGen       total 192512K, used 144672K [0x00000000a0000000, 0x00000000abc00000, 0x00000000e0000000)
  object space 192512K, 75% used [0x00000000a0000000,0x00000000a8d482c8,0x00000000abc00000)
 Metaspace       used 79800K, capacity 82474K, committed 82840K, reserved 1120256K
  class space    used 10472K, capacity 11053K, committed 11176K, reserved 1048576K
GC Heap History (10 events):
Event: 83.407 GC heap before
{Heap before GC invocations=20 (full 3):
 PSYoungGen      total 237568K, used 224803K [0x00000000e0000000, 0x00000000f0500000, 0x0000000100000000)
  eden space 211968K, 100% used [0x00000000e0000000,0x00000000ecf00000,0x00000000ecf00000)
  from space 25600K, 50% used [0x00000000eec00000,0x00000000ef888c00,0x00000000f0500000)
  to   space 27648K, 0% used [0x00000000ecf00000,0x00000000ecf00000,0x00000000eea00000)
 ParOldGen       total 90112K, used 59504K [0x00000000a0000000, 0x00000000a5800000, 0x00000000e0000000)
  object space 90112K, 66% used [0x00000000a0000000,0x00000000a3a1c0d8,0x00000000a5800000)
 Metaspace       used 70215K, capacity 72422K, committed 72472K, reserved 1112064K
  class space    used 9258K, capacity 9743K, committed 9768K, reserved 1048576K
Event: 83.489 GC heap after
Heap after GC invocations=20 (full 3):
 PSYoungGen      total 239616K, used 27636K [0x00000000e0000000, 0x00000000f4780000, 0x0000000100000000)
  eden space 211968K, 0% used [0x00000000e0000000,0x00000000e0000000,0x00000000ecf00000)
  from space 27648K, 99% used [0x00000000ecf00000,0x00000000ee9fd2b8,0x00000000eea00000)
  to   space 47104K, 0% used [0x00000000f1980000,0x00000000f1980000,0x00000000f4780000)
 ParOldGen       total 100864K, used 100375K [0x00000000a0000000, 0x00000000a6280000, 0x00000000e0000000)
  object space 100864K, 99% used [0x00000000a0000000,0x00000000a6205ef0,0x00000000a6280000)
 Metaspace       used 70215K, capacity 72422K, committed 72472K, reserved 1112064K
  class space    used 9258K, capacity 9743K, committed 9768K, reserved 1048576K
}
Event: 83.489 GC heap before
{Heap before GC invocations=21 (full 4):
 PSYoungGen      total 239616K, used 27636K [0x00000000e0000000, 0x00000000f4780000, 0x0000000100000000)
  eden space 211968K, 0% used [0x00000000e0000000,0x00000000e0000000,0x00000000ecf00000)
  from space 27648K, 99% used [0x00000000ecf00000,0x00000000ee9fd2b8,0x00000000eea00000)
  to   space 47104K, 0% used [0x00000000f1980000,0x00000000f1980000,0x00000000f4780000)
 ParOldGen       total 100864K, used 100375K [0x00000000a0000000, 0x00000000a6280000, 0x00000000e0000000)
  object space 100864K, 99% used [0x00000000a0000000,0x00000000a6205ef0,0x00000000a6280000)
 Metaspace       used 70215K, capacity 72422K, committed 72472K, reserved 1112064K
  class space    used 9258K, capacity 9743K, committed 9768K, reserved 1048576K
Event: 84.209 GC heap after
Heap after GC invocations=21 (full 4):
 PSYoungGen      total 239616K, used 4050K [0x00000000e0000000, 0x00000000f4780000, 0x0000000100000000)
  eden space 211968K, 0% used [0x00000000e0000000,0x00000000e0000000,0x00000000ecf00000)
  from space 27648K, 14% used [0x00000000ecf00000,0x00000000ed2f4b48,0x00000000eea00000)
  to   space 47104K, 0% used [0x00000000f1980000,0x00000000f1980000,0x00000000f4780000)
 ParOldGen       total 192512K, used 100643K [0x00000000a0000000, 0x00000000abc00000, 0x00000000e0000000)
  object space 192512K, 52% used [0x00000000a0000000,0x00000000a6248ec0,0x00000000abc00000)
 Metaspace       used 70153K, capacity 72248K, committed 72472K, reserved 1112064K
  class space    used 9238K, capacity 9708K, committed 9768K, reserved 1048576K
}
Event: 92.944 GC heap before
{Heap before GC invocations=22 (full 4):
 PSYoungGen      total 239616K, used 216018K [0x00000000e0000000, 0x00000000f4780000, 0x0000000100000000)
  eden space 211968K, 100% used [0x00000000e0000000,0x00000000ecf00000,0x00000000ecf00000)
  from space 27648K, 14% used [0x00000000ecf00000,0x00000000ed2f4b48,0x00000000eea00000)
  to   space 47104K, 0% used [0x00000000f1980000,0x00000000f1980000,0x00000000f4780000)
 ParOldGen       total 192512K, used 100643K [0x00000000a0000000, 0x00000000abc00000, 0x00000000e0000000)
  object space 192512K, 52% used [0x00000000a0000000,0x00000000a6248ec0,0x00000000abc00000)
 Metaspace       used 72888K, capacity 75146K, committed 75416K, reserved 1114112K
  class space    used 9486K, capacity 10041K, committed 10152K, reserved 1048576K
Event: 93.031 GC heap after
Heap after GC invocations=22 (full 4):
 PSYoungGen      total 288256K, used 25381K [0x00000000e0000000, 0x00000000f4900000, 0x0000000100000000)
  eden space 241152K, 0% used [0x00000000e0000000,0x00000000e0000000,0x00000000eeb80000)
  from space 47104K, 53% used [0x00000000f1980000,0x00000000f3249750,0x00000000f4780000)
  to   space 47104K, 0% used [0x00000000eeb80000,0x00000000eeb80000,0x00000000f1980000)
 ParOldGen       total 192512K, used 100715K [0x00000000a0000000, 0x00000000abc00000, 0x00000000e0000000)
  object space 192512K, 52% used [0x00000000a0000000,0x00000000a625aec0,0x00000000abc00000)
 Metaspace       used 72888K, capacity 75146K, committed 75416K, reserved 1114112K
  class space    used 9486K, capacity 10041K, committed 10152K, reserved 1048576K
}
Event: 99.619 GC heap before
{Heap before GC invocations=23 (full 4):
 PSYoungGen      total 288256K, used 266533K [0x00000000e0000000, 0x00000000f4900000, 0x0000000100000000)
  eden space 241152K, 100% used [0x00000000e0000000,0x00000000eeb80000,0x00000000eeb80000)
  from space 47104K, 53% used [0x00000000f1980000,0x00000000f3249750,0x00000000f4780000)
  to   space 47104K, 0% used [0x00000000eeb80000,0x00000000eeb80000,0x00000000f1980000)
 ParOldGen       total 192512K, used 100715K [0x00000000a0000000, 0x00000000abc00000, 0x00000000e0000000)
  object space 192512K, 52% used [0x00000000a0000000,0x00000000a625aec0,0x00000000abc00000)
 Metaspace       used 77962K, capacity 80580K, committed 80920K, reserved 1120256K
  class space    used 10326K, capacity 10924K, committed 11048K, reserved 1048576K
Event: 99.745 GC heap after
Heap after GC invocations=23 (full 4):
 PSYoungGen      total 288256K, used 47086K [0x00000000e0000000, 0x00000000fa600000, 0x0000000100000000)
  eden space 241152K, 0% used [0x00000000e0000000,0x00000000e0000000,0x00000000eeb80000)
  from space 47104K, 99% used [0x00000000eeb80000,0x00000000f197b9a0,0x00000000f1980000)
  to   space 75264K, 0% used [0x00000000f5c80000,0x00000000f5c80000,0x00000000fa600000)
 ParOldGen       total 192512K, used 156225K [0x00000000a0000000, 0x00000000abc00000, 0x00000000e0000000)
  object space 192512K, 81% used [0x00000000a0000000,0x00000000a98907f8,0x00000000abc00000)
 Metaspace       used 77962K, capacity 80580K, committed 80920K, reserved 1120256K
  class space    used 10326K, capacity 10924K, committed 11048K, reserved 1048576K
}
Event: 99.745 GC heap before
{Heap before GC invocations=24 (full 5):
 PSYoungGen      total 288256K, used 47086K [0x00000000e0000000, 0x00000000fa600000, 0x0000000100000000)
  eden space 241152K, 0% used [0x00000000e0000000,0x00000000e0000000,0x00000000eeb80000)
  from space 47104K, 99% used [0x00000000eeb80000,0x00000000f197b9a0,0x00000000f1980000)
  to   space 75264K, 0% used [0x00000000f5c80000,0x00000000f5c80000,0x00000000fa600000)
 ParOldGen       total 192512K, used 156225K [0x00000000a0000000, 0x00000000abc00000, 0x00000000e0000000)
  object space 192512K, 81% used [0x00000000a0000000,0x00000000a98907f8,0x00000000abc00000)
 Metaspace       used 77962K, capacity 80580K, committed 80920K, reserved 1120256K
  class space    used 10326K, capacity 10924K, committed 11048K, reserved 1048576K
Event: 100.294 GC heap after
Heap after GC invocations=24 (full 5):
 PSYoungGen      total 288256K, used 0K [0x00000000e0000000, 0x00000000fa600000, 0x0000000100000000)
  eden space 241152K, 0% used [0x00000000e0000000,0x00000000e0000000,0x00000000eeb80000)
  from space 47104K, 0% used [0x00000000eeb80000,0x00000000eeb80000,0x00000000f1980000)
  to   space 75264K, 0% used [0x00000000f5c80000,0x00000000f5c80000,0x00000000fa600000)
 ParOldGen       total 192512K, used 144672K [0x00000000a0000000, 0x00000000abc00000, 0x00000000e0000000)
  object space 192512K, 75% used [0x00000000a0000000,0x00000000a8d482c8,0x00000000abc00000)
 Metaspace       used 77655K, capacity 80128K, committed 80920K, reserved 1120256K
  class space    used 10284K, capacity 10850K, committed 11048K, reserved 1048576K
}

