# JRE version: OpenJDK Runtime Environment (8.0_212-b04) (build 1.8.0_212-release-1586-b04)
# Java VM: OpenJDK 64-Bit Server VM (25.212-b04 mixed mode windows-amd64 compressed oops)
Heap:
 PSYoungGen      total 468480K, used 331724K [0x00000000e0000000, 0x00000000ffc80000, 0x0000000100000000)
  eden space 418304K, 77% used [0x00000000e0000000,0x00000000f3e37878,0x00000000f9880000)
  from space 50176K, 11% used [0x00000000fc900000,0x00000000fcebba50,0x00000000ffa00000)
  to   space 49664K, 0% used [0x00000000f9880000,0x00000000f9880000,0x00000000fc900000)
 ParOldGen       total 247808K, used 159590K [0x00000000a0000000, 0x00000000af200000, 0x00000000e0000000)
  object space 247808K, 64% used [0x00000000a0000000,0x00000000a9bd9b88,0x00000000af200000)
 Metaspace       used 80866K, capacity 83678K, committed 83840K, reserved 1122304K
  class space    used 10492K, capacity 11093K, committed 11136K, reserved 1048576K
GC Heap History (10 events):
Event: 114.490 GC heap before
{Heap before GC invocations=31 (full 5):
 PSYoungGen      total 456704K, used 420352K [0x00000000e0000000, 0x0000000100000000, 0x0000000100000000)
  eden space 420352K, 100% used [0x00000000e0000000,0x00000000f9a80000,0x00000000f9a80000)
  from space 36352K, 0% used [0x00000000f9a80000,0x00000000f9a80000,0x00000000fbe00000)
  to   space 60416K, 0% used [0x00000000fc500000,0x00000000fc500000,0x0000000100000000)
 ParOldGen       total 247808K, used 129985K [0x00000000a0000000, 0x00000000af200000, 0x00000000e0000000)
  object space 247808K, 52% used [0x00000000a0000000,0x00000000a7ef0478,0x00000000af200000)
 Metaspace       used 80762K, capacity 83630K, committed 83840K, reserved 1122304K
  class space    used 10486K, capacity 11089K, committed 11136K, reserved 1048576K
Event: 114.532 GC heap after
Heap after GC invocations=31 (full 5):
 PSYoungGen      total 467456K, used 18281K [0x00000000e0000000, 0x0000000100000000, 0x0000000100000000)
  eden space 407040K, 0% used [0x00000000e0000000,0x00000000e0000000,0x00000000f8d80000)
  from space 60416K, 30% used [0x00000000fc500000,0x00000000fd6da650,0x0000000100000000)
  to   space 56832K, 0% used [0x00000000f8d80000,0x00000000f8d80000,0x00000000fc500000)
 ParOldGen       total 247808K, used 129985K [0x00000000a0000000, 0x00000000af200000, 0x00000000e0000000)
  object space 247808K, 52% used [0x00000000a0000000,0x00000000a7ef0478,0x00000000af200000)
 Metaspace       used 80762K, capacity 83630K, committed 83840K, reserved 1122304K
  class space    used 10486K, capacity 11089K, committed 11136K, reserved 1048576K
}
Event: 116.064 GC heap before
{Heap before GC invocations=32 (full 5):
 PSYoungGen      total 467456K, used 425321K [0x00000000e0000000, 0x0000000100000000, 0x0000000100000000)
  eden space 407040K, 100% used [0x00000000e0000000,0x00000000f8d80000,0x00000000f8d80000)
  from space 60416K, 30% used [0x00000000fc500000,0x00000000fd6da650,0x0000000100000000)
  to   space 56832K, 0% used [0x00000000f8d80000,0x00000000f8d80000,0x00000000fc500000)
 ParOldGen       total 247808K, used 129985K [0x00000000a0000000, 0x00000000af200000, 0x00000000e0000000)
  object space 247808K, 52% used [0x00000000a0000000,0x00000000a7ef0478,0x00000000af200000)
 Metaspace       used 80792K, capacity 83644K, committed 83840K, reserved 1122304K
  class space    used 10488K, capacity 11090K, committed 11136K, reserved 1048576K
Event: 116.089 GC heap after
Heap after GC invocations=32 (full 5):
 PSYoungGen      total 425984K, used 18935K [0x00000000e0000000, 0x00000000ff680000, 0x0000000100000000)
  eden space 407040K, 0% used [0x00000000e0000000,0x00000000e0000000,0x00000000f8d80000)
  from space 18944K, 99% used [0x00000000f8d80000,0x00000000f9ffddc0,0x00000000fa000000)
  to   space 53760K, 0% used [0x00000000fc200000,0x00000000fc200000,0x00000000ff680000)
 ParOldGen       total 247808K, used 129993K [0x00000000a0000000, 0x00000000af200000, 0x00000000e0000000)
  object space 247808K, 52% used [0x00000000a0000000,0x00000000a7ef2478,0x00000000af200000)
 Metaspace       used 80792K, capacity 83644K, committed 83840K, reserved 1122304K
  class space    used 10488K, capacity 11090K, committed 11136K, reserved 1048576K
}
Event: 117.619 GC heap before
{Heap before GC invocations=33 (full 5):
 PSYoungGen      total 425984K, used 425975K [0x00000000e0000000, 0x00000000ff680000, 0x0000000100000000)
  eden space 407040K, 100% used [0x00000000e0000000,0x00000000f8d80000,0x00000000f8d80000)
  from space 18944K, 99% used [0x00000000f8d80000,0x00000000f9ffddc0,0x00000000fa000000)
  to   space 53760K, 0% used [0x00000000fc200000,0x00000000fc200000,0x00000000ff680000)
 ParOldGen       total 247808K, used 129993K [0x00000000a0000000, 0x00000000af200000, 0x00000000e0000000)
  object space 247808K, 52% used [0x00000000a0000000,0x00000000a7ef2478,0x00000000af200000)
 Metaspace       used 80813K, capacity 83662K, committed 83840K, reserved 1122304K
  class space    used 10489K, capacity 11091K, committed 11136K, reserved 1048576K
Event: 117.667 GC heap after
Heap after GC invocations=33 (full 5):
 PSYoungGen      total 461824K, used 8645K [0x00000000e0000000, 0x0000000100000000, 0x0000000100000000)
  eden space 408064K, 0% used [0x00000000e0000000,0x00000000e0000000,0x00000000f8e80000)
  from space 53760K, 16% used [0x00000000fc200000,0x00000000fca716a8,0x00000000ff680000)
  to   space 52736K, 0% used [0x00000000f8e80000,0x00000000f8e80000,0x00000000fc200000)
 ParOldGen       total 247808K, used 136627K [0x00000000a0000000, 0x00000000af200000, 0x00000000e0000000)
  object space 247808K, 55% used [0x00000000a0000000,0x00000000a856cdf8,0x00000000af200000)
 Metaspace       used 80813K, capacity 83662K, committed 83840K, reserved 1122304K
  class space    used 10489K, capacity 11091K, committed 11136K, reserved 1048576K
}
Event: 118.812 GC heap before
{Heap before GC invocations=34 (full 5):
 PSYoungGen      total 461824K, used 416709K [0x00000000e0000000, 0x0000000100000000, 0x0000000100000000)
  eden space 408064K, 100% used [0x00000000e0000000,0x00000000f8e80000,0x00000000f8e80000)
  from space 53760K, 16% used [0x00000000fc200000,0x00000000fca716a8,0x00000000ff680000)
  to   space 52736K, 0% used [0x00000000f8e80000,0x00000000f8e80000,0x00000000fc200000)
 ParOldGen       total 247808K, used 136627K [0x00000000a0000000, 0x00000000af200000, 0x00000000e0000000)
  object space 247808K, 55% used [0x00000000a0000000,0x00000000a856cdf8,0x00000000af200000)
 Metaspace       used 80828K, capacity 83668K, committed 83840K, reserved 1122304K
  class space    used 10489K, capacity 11092K, committed 11136K, reserved 1048576K
Event: 118.844 GC heap after
Heap after GC invocations=34 (full 5):
 PSYoungGen      total 460800K, used 21855K [0x00000000e0000000, 0x00000000ffa00000, 0x0000000100000000)
  eden space 408064K, 0% used [0x00000000e0000000,0x00000000e0000000,0x00000000f8e80000)
  from space 52736K, 41% used [0x00000000f8e80000,0x00000000fa3d7c88,0x00000000fc200000)
  to   space 50176K, 0% used [0x00000000fc900000,0x00000000fc900000,0x00000000ffa00000)
 ParOldGen       total 247808K, used 140587K [0x00000000a0000000, 0x00000000af200000, 0x00000000e0000000)
  object space 247808K, 56% used [0x00000000a0000000,0x00000000a894af78,0x00000000af200000)
 Metaspace       used 80828K, capacity 83668K, committed 83840K, reserved 1122304K
  class space    used 10489K, capacity 11092K, committed 11136K, reserved 1048576K
}
Event: 119.909 GC heap before
{Heap before GC invocations=35 (full 5):
 PSYoungGen      total 460800K, used 429919K [0x00000000e0000000, 0x00000000ffa00000, 0x0000000100000000)
  eden space 408064K, 100% used [0x00000000e0000000,0x00000000f8e80000,0x00000000f8e80000)
  from space 52736K, 41% used [0x00000000f8e80000,0x00000000fa3d7c88,0x00000000fc200000)
  to   space 50176K, 0% used [0x00000000fc900000,0x00000000fc900000,0x00000000ffa00000)
 ParOldGen       total 247808K, used 140587K [0x00000000a0000000, 0x00000000af200000, 0x00000000e0000000)
  object space 247808K, 56% used [0x00000000a0000000,0x00000000a894af78,0x00000000af200000)
 Metaspace       used 80852K, capacity 83674K, committed 83840K, reserved 1122304K
  class space    used 10491K, capacity 11093K, committed 11136K, reserved 1048576K
Event: 119.970 GC heap after
Heap after GC invocations=35 (full 5):
 PSYoungGen      total 468480K, used 5870K [0x00000000e0000000, 0x00000000ffc80000, 0x0000000100000000)
  eden space 418304K, 0% used [0x00000000e0000000,0x00000000e0000000,0x00000000f9880000)
  from space 50176K, 11% used [0x00000000fc900000,0x00000000fcebba50,0x00000000ffa00000)
  to   space 49664K, 0% used [0x00000000f9880000,0x00000000f9880000,0x00000000fc900000)
 ParOldGen       total 247808K, used 159590K [0x00000000a0000000, 0x00000000af200000, 0x00000000e0000000)
  object space 247808K, 64% used [0x00000000a0000000,0x00000000a9bd9b88,0x00000000af200000)
 Metaspace       used 80852K, capacity 83674K, committed 83840K, reserved 1122304K
  class space    used 10491K, capacity 11093K, committed 11136K, reserved 1048576K
}

