# JRE version: Java(TM) SE Runtime Environment (8.0_231-b11) (build 1.8.0_231-b11)
# Java VM: Java HotSpot(TM) 64-Bit Server VM (25.231-b11 mixed mode windows-amd64 compressed oops)
Heap:
 PSYoungGen      total 477696K, used 211416K [0x00000000e0000000, 0x0000000100000000, 0x0000000100000000)
  eden space 437248K, 43% used [0x00000000e0000000,0x00000000eb9af3e8,0x00000000fab00000)
  from space 40448K, 52% used [0x00000000fab00000,0x00000000fbfc6fe0,0x00000000fd280000)
  to   space 39424K, 0% used [0x00000000fd980000,0x00000000fd980000,0x0000000100000000)
 ParOldGen       total 268288K, used 221394K [0x00000000a0000000, 0x00000000b0600000, 0x00000000e0000000)
  object space 268288K, 82% used [0x00000000a0000000,0x00000000ad834958,0x00000000b0600000)
 Metaspace       used 97945K, capacity 102572K, committed 102784K, reserved 1138688K
  class space    used 12793K, capacity 13676K, committed 13696K, reserved 1048576K
GC Heap History (10 events):
Event: 190.881 GC heap before
{Heap before GC invocations=73 (full 8):
 PSYoungGen      total 470016K, used 444868K [0x00000000e0000000, 0x00000000ffa00000, 0x0000000100000000)
  eden space 429056K, 100% used [0x00000000e0000000,0x00000000fa300000,0x00000000fa300000)
  from space 40960K, 38% used [0x00000000fd200000,0x00000000fe1711e0,0x00000000ffa00000)
  to   space 44544K, 0% used [0x00000000fa300000,0x00000000fa300000,0x00000000fce80000)
 ParOldGen       total 226304K, used 160184K [0x00000000a0000000, 0x00000000add00000, 0x00000000e0000000)
  object space 226304K, 70% used [0x00000000a0000000,0x00000000a9c6e368,0x00000000add00000)
 Metaspace       used 93965K, capacity 98246K, committed 98304K, reserved 1134592K
  class space    used 12203K, capacity 13009K, committed 13056K, reserved 1048576K
Event: 190.910 GC heap after
Heap after GC invocations=73 (full 8):
 PSYoungGen      total 473600K, used 13824K [0x00000000e0000000, 0x00000000fff80000, 0x0000000100000000)
  eden space 429056K, 0% used [0x00000000e0000000,0x00000000e0000000,0x00000000fa300000)
  from space 44544K, 31% used [0x00000000fa300000,0x00000000fb080050,0x00000000fce80000)
  to   space 42496K, 0% used [0x00000000fd600000,0x00000000fd600000,0x00000000fff80000)
 ParOldGen       total 226304K, used 163923K [0x00000000a0000000, 0x00000000add00000, 0x00000000e0000000)
  object space 226304K, 72% used [0x00000000a0000000,0x00000000aa014fa8,0x00000000add00000)
 Metaspace       used 93965K, capacity 98246K, committed 98304K, reserved 1134592K
  class space    used 12203K, capacity 13009K, committed 13056K, reserved 1048576K
}
Event: 192.869 GC heap before
{Heap before GC invocations=74 (full 8):
 PSYoungGen      total 473600K, used 442880K [0x00000000e0000000, 0x00000000fff80000, 0x0000000100000000)
  eden space 429056K, 100% used [0x00000000e0000000,0x00000000fa300000,0x00000000fa300000)
  from space 44544K, 31% used [0x00000000fa300000,0x00000000fb080050,0x00000000fce80000)
  to   space 42496K, 0% used [0x00000000fd600000,0x00000000fd600000,0x00000000fff80000)
 ParOldGen       total 226304K, used 163923K [0x00000000a0000000, 0x00000000add00000, 0x00000000e0000000)
  object space 226304K, 72% used [0x00000000a0000000,0x00000000aa014fa8,0x00000000add00000)
 Metaspace       used 94014K, capacity 98246K, committed 98304K, reserved 1134592K
  class space    used 12206K, capacity 13009K, committed 13056K, reserved 1048576K
Event: 192.899 GC heap after
Heap after GC invocations=74 (full 8):
 PSYoungGen      total 474112K, used 16312K [0x00000000e0000000, 0x00000000ffa00000, 0x0000000100000000)
  eden space 437248K, 0% used [0x00000000e0000000,0x00000000e0000000,0x00000000fab00000)
  from space 36864K, 44% used [0x00000000fd600000,0x00000000fe5ee298,0x00000000ffa00000)
  to   space 40448K, 0% used [0x00000000fab00000,0x00000000fab00000,0x00000000fd280000)
 ParOldGen       total 226304K, used 163931K [0x00000000a0000000, 0x00000000add00000, 0x00000000e0000000)
  object space 226304K, 72% used [0x00000000a0000000,0x00000000aa016fa8,0x00000000add00000)
 Metaspace       used 94014K, capacity 98246K, committed 98304K, reserved 1134592K
  class space    used 12206K, capacity 13009K, committed 13056K, reserved 1048576K
}
Event: 196.059 GC heap before
{Heap before GC invocations=75 (full 8):
 PSYoungGen      total 474112K, used 453560K [0x00000000e0000000, 0x00000000ffa00000, 0x0000000100000000)
  eden space 437248K, 100% used [0x00000000e0000000,0x00000000fab00000,0x00000000fab00000)
  from space 36864K, 44% used [0x00000000fd600000,0x00000000fe5ee298,0x00000000ffa00000)
  to   space 40448K, 0% used [0x00000000fab00000,0x00000000fab00000,0x00000000fd280000)
 ParOldGen       total 226304K, used 163931K [0x00000000a0000000, 0x00000000add00000, 0x00000000e0000000)
  object space 226304K, 72% used [0x00000000a0000000,0x00000000aa016fa8,0x00000000add00000)
 Metaspace       used 94122K, capacity 98404K, committed 98560K, reserved 1134592K
  class space    used 12207K, capacity 13010K, committed 13056K, reserved 1048576K
Event: 196.447 GC heap after
Heap after GC invocations=75 (full 8):
 PSYoungGen      total 474112K, used 453560K [0x00000000e0000000, 0x00000000ffa00000, 0x0000000100000000)
  eden space 437248K, 100% used [0x00000000e0000000,0x00000000fab00000,0x00000000fab00000)
  from space 36864K, 44% used [0x00000000fd600000,0x00000000fe5ee298,0x00000000ffa00000)
  to   space 40448K, 99% used [0x00000000fab00000,0x00000000fd27a120,0x00000000fd280000)
 ParOldGen       total 268288K, used 268280K [0x00000000a0000000, 0x00000000b0600000, 0x00000000e0000000)
  object space 268288K, 99% used [0x00000000a0000000,0x00000000b05fe0e8,0x00000000b0600000)
 Metaspace       used 94122K, capacity 98404K, committed 98560K, reserved 1134592K
  class space    used 12207K, capacity 13010K, committed 13056K, reserved 1048576K
}
Event: 196.447 GC heap before
{Heap before GC invocations=76 (full 9):
 PSYoungGen      total 474112K, used 453560K [0x00000000e0000000, 0x00000000ffa00000, 0x0000000100000000)
  eden space 437248K, 100% used [0x00000000e0000000,0x00000000fab00000,0x00000000fab00000)
  from space 36864K, 44% used [0x00000000fd600000,0x00000000fe5ee298,0x00000000ffa00000)
  to   space 40448K, 99% used [0x00000000fab00000,0x00000000fd27a120,0x00000000fd280000)
 ParOldGen       total 268288K, used 268280K [0x00000000a0000000, 0x00000000b0600000, 0x00000000e0000000)
  object space 268288K, 99% used [0x00000000a0000000,0x00000000b05fe0e8,0x00000000b0600000)
 Metaspace       used 94122K, capacity 98404K, committed 98560K, reserved 1134592K
  class space    used 12207K, capacity 13010K, committed 13056K, reserved 1048576K
Event: 197.690 GC heap after
Heap after GC invocations=76 (full 9):
 PSYoungGen      total 474112K, used 0K [0x00000000e0000000, 0x00000000ffa00000, 0x0000000100000000)
  eden space 437248K, 0% used [0x00000000e0000000,0x00000000e0000000,0x00000000fab00000)
  from space 36864K, 0% used [0x00000000fd600000,0x00000000fd600000,0x00000000ffa00000)
  to   space 40448K, 0% used [0x00000000fab00000,0x00000000fab00000,0x00000000fd280000)
 ParOldGen       total 268288K, used 221386K [0x00000000a0000000, 0x00000000b0600000, 0x00000000e0000000)
  object space 268288K, 82% used [0x00000000a0000000,0x00000000ad832958,0x00000000b0600000)
 Metaspace       used 94121K, capacity 98398K, committed 98560K, reserved 1134592K
  class space    used 12206K, capacity 13009K, committed 13056K, reserved 1048576K
}
Event: 200.451 GC heap before
{Heap before GC invocations=77 (full 9):
 PSYoungGen      total 474112K, used 437248K [0x00000000e0000000, 0x00000000ffa00000, 0x0000000100000000)
  eden space 437248K, 100% used [0x00000000e0000000,0x00000000fab00000,0x00000000fab00000)
  from space 36864K, 0% used [0x00000000fd600000,0x00000000fd600000,0x00000000ffa00000)
  to   space 40448K, 0% used [0x00000000fab00000,0x00000000fab00000,0x00000000fd280000)
 ParOldGen       total 268288K, used 221386K [0x00000000a0000000, 0x00000000b0600000, 0x00000000e0000000)
  object space 268288K, 82% used [0x00000000a0000000,0x00000000ad832958,0x00000000b0600000)
 Metaspace       used 94157K, capacity 98468K, committed 98560K, reserved 1134592K
  class space    used 12207K, capacity 13010K, committed 13056K, reserved 1048576K
Event: 200.498 GC heap after
Heap after GC invocations=77 (full 9):
 PSYoungGen      total 477696K, used 21275K [0x00000000e0000000, 0x0000000100000000, 0x0000000100000000)
  eden space 437248K, 0% used [0x00000000e0000000,0x00000000e0000000,0x00000000fab00000)
  from space 40448K, 52% used [0x00000000fab00000,0x00000000fbfc6fe0,0x00000000fd280000)
  to   space 39424K, 0% used [0x00000000fd980000,0x00000000fd980000,0x0000000100000000)
 ParOldGen       total 268288K, used 221394K [0x00000000a0000000, 0x00000000b0600000, 0x00000000e0000000)
  object space 268288K, 82% used [0x00000000a0000000,0x00000000ad834958,0x00000000b0600000)
 Metaspace       used 94157K, capacity 98468K, committed 98560K, reserved 1134592K
  class space    used 12207K, capacity 13010K, committed 13056K, reserved 1048576K
}

