# JRE version: OpenJDK Runtime Environment (8.0_202-b03) (build 1.8.0_202-release-1483-b03)
# Java VM: OpenJDK 64-Bit Server VM (25.202-b03 mixed mode windows-amd64 compressed oops)
Heap:
 PSYoungGen      total 193024K, used 93289K [0x00000000e0000000, 0x00000000ee800000, 0x0000000100000000)
  eden space 161792K, 46% used [0x00000000e0000000,0x00000000e49b5a90,0x00000000e9e00000)
  from space 31232K, 57% used [0x00000000e9e00000,0x00000000eaf64c90,0x00000000ebc80000)
  to   space 31232K, 0% used [0x00000000ec980000,0x00000000ec980000,0x00000000ee800000)
 ParOldGen       total 127488K, used 49882K [0x00000000a0000000, 0x00000000a7c80000, 0x00000000e0000000)
  object space 127488K, 39% used [0x00000000a0000000,0x00000000a30b6a88,0x00000000a7c80000)
 Metaspace       used 89797K, capacity 93876K, committed 94168K, reserved 1130496K
  class space    used 11653K, capacity 12454K, committed 12544K, reserved 1048576K
GC Heap History (10 events):
Event: 775.318 GC heap before
{Heap before GC invocations=25 (full 4):
 PSYoungGen      total 151552K, used 24558K [0x00000000e0000000, 0x00000000ed500000, 0x0000000100000000)
  eden space 126976K, 0% used [0x00000000e0000000,0x00000000e0000000,0x00000000e7c00000)
  from space 24576K, 99% used [0x00000000e7c00000,0x00000000e93fbbe8,0x00000000e9400000)
  to   space 35840K, 0% used [0x00000000eb200000,0x00000000eb200000,0x00000000ed500000)
 ParOldGen       total 84480K, used 69199K [0x00000000a0000000, 0x00000000a5280000, 0x00000000e0000000)
  object space 84480K, 81% used [0x00000000a0000000,0x00000000a4393cf0,0x00000000a5280000)
 Metaspace       used 79336K, capacity 82522K, committed 82648K, reserved 1120256K
  class space    used 10486K, capacity 11141K, committed 11264K, reserved 1048576K
Event: 775.805 GC heap after
Heap after GC invocations=25 (full 4):
 PSYoungGen      total 151552K, used 0K [0x00000000e0000000, 0x00000000ed500000, 0x0000000100000000)
  eden space 126976K, 0% used [0x00000000e0000000,0x00000000e0000000,0x00000000e7c00000)
  from space 24576K, 0% used [0x00000000e7c00000,0x00000000e7c00000,0x00000000e9400000)
  to   space 35840K, 0% used [0x00000000eb200000,0x00000000eb200000,0x00000000ed500000)
 ParOldGen       total 127488K, used 49850K [0x00000000a0000000, 0x00000000a7c80000, 0x00000000e0000000)
  object space 127488K, 39% used [0x00000000a0000000,0x00000000a30aea88,0x00000000a7c80000)
 Metaspace       used 79179K, capacity 82082K, committed 82648K, reserved 1120256K
  class space    used 10432K, capacity 11045K, committed 11264K, reserved 1048576K
}
Event: 3800.025 GC heap before
{Heap before GC invocations=26 (full 4):
 PSYoungGen      total 151552K, used 126976K [0x00000000e0000000, 0x00000000ed500000, 0x0000000100000000)
  eden space 126976K, 100% used [0x00000000e0000000,0x00000000e7c00000,0x00000000e7c00000)
  from space 24576K, 0% used [0x00000000e7c00000,0x00000000e7c00000,0x00000000e9400000)
  to   space 35840K, 0% used [0x00000000eb200000,0x00000000eb200000,0x00000000ed500000)
 ParOldGen       total 127488K, used 49850K [0x00000000a0000000, 0x00000000a7c80000, 0x00000000e0000000)
  object space 127488K, 39% used [0x00000000a0000000,0x00000000a30aea88,0x00000000a7c80000)
 Metaspace       used 82149K, capacity 85746K, committed 85848K, reserved 1124352K
  class space    used 10917K, capacity 11606K, committed 11648K, reserved 1048576K
Event: 3800.193 GC heap after
Heap after GC invocations=26 (full 4):
 PSYoungGen      total 178176K, used 10650K [0x00000000e0000000, 0x00000000ed100000, 0x0000000100000000)
  eden space 146432K, 0% used [0x00000000e0000000,0x00000000e0000000,0x00000000e8f00000)
  from space 31744K, 33% used [0x00000000eb200000,0x00000000ebc66840,0x00000000ed100000)
  to   space 33792K, 0% used [0x00000000e8f00000,0x00000000e8f00000,0x00000000eb000000)
 ParOldGen       total 127488K, used 49858K [0x00000000a0000000, 0x00000000a7c80000, 0x00000000e0000000)
  object space 127488K, 39% used [0x00000000a0000000,0x00000000a30b0a88,0x00000000a7c80000)
 Metaspace       used 82149K, capacity 85746K, committed 85848K, reserved 1124352K
  class space    used 10917K, capacity 11606K, committed 11648K, reserved 1048576K
}
Event: 4248.268 GC heap before
{Heap before GC invocations=27 (full 4):
 PSYoungGen      total 178176K, used 157082K [0x00000000e0000000, 0x00000000ed100000, 0x0000000100000000)
  eden space 146432K, 100% used [0x00000000e0000000,0x00000000e8f00000,0x00000000e8f00000)
  from space 31744K, 33% used [0x00000000eb200000,0x00000000ebc66840,0x00000000ed100000)
  to   space 33792K, 0% used [0x00000000e8f00000,0x00000000e8f00000,0x00000000eb000000)
 ParOldGen       total 127488K, used 49858K [0x00000000a0000000, 0x00000000a7c80000, 0x00000000e0000000)
  object space 127488K, 39% used [0x00000000a0000000,0x00000000a30b0a88,0x00000000a7c80000)
 Metaspace       used 86043K, capacity 89934K, committed 89944K, reserved 1126400K
  class space    used 11418K, capacity 12151K, committed 12160K, reserved 1048576K
Event: 4248.445 GC heap after
Heap after GC invocations=27 (full 4):
 PSYoungGen      total 180224K, used 11204K [0x00000000e0000000, 0x00000000ee080000, 0x0000000100000000)
  eden space 146432K, 0% used [0x00000000e0000000,0x00000000e0000000,0x00000000e8f00000)
  from space 33792K, 33% used [0x00000000e8f00000,0x00000000e99f1288,0x00000000eb000000)
  to   space 32256K, 0% used [0x00000000ec100000,0x00000000ec100000,0x00000000ee080000)
 ParOldGen       total 127488K, used 49866K [0x00000000a0000000, 0x00000000a7c80000, 0x00000000e0000000)
  object space 127488K, 39% used [0x00000000a0000000,0x00000000a30b2a88,0x00000000a7c80000)
 Metaspace       used 86043K, capacity 89934K, committed 89944K, reserved 1126400K
  class space    used 11418K, capacity 12151K, committed 12160K, reserved 1048576K
}
Event: 6059.563 GC heap before
{Heap before GC invocations=28 (full 4):
 PSYoungGen      total 180224K, used 157636K [0x00000000e0000000, 0x00000000ee080000, 0x0000000100000000)
  eden space 146432K, 100% used [0x00000000e0000000,0x00000000e8f00000,0x00000000e8f00000)
  from space 33792K, 33% used [0x00000000e8f00000,0x00000000e99f1288,0x00000000eb000000)
  to   space 32256K, 0% used [0x00000000ec100000,0x00000000ec100000,0x00000000ee080000)
 ParOldGen       total 127488K, used 49866K [0x00000000a0000000, 0x00000000a7c80000, 0x00000000e0000000)
  object space 127488K, 39% used [0x00000000a0000000,0x00000000a30b2a88,0x00000000a7c80000)
 Metaspace       used 87925K, capacity 91962K, committed 91992K, reserved 1128448K
  class space    used 11594K, capacity 12405K, committed 12416K, reserved 1048576K
Event: 6059.619 GC heap after
Heap after GC invocations=28 (full 4):
 PSYoungGen      total 188416K, used 15431K [0x00000000e0000000, 0x00000000edb00000, 0x0000000100000000)
  eden space 161792K, 0% used [0x00000000e0000000,0x00000000e0000000,0x00000000e9e00000)
  from space 26624K, 57% used [0x00000000ec100000,0x00000000ed011eb8,0x00000000edb00000)
  to   space 31232K, 0% used [0x00000000e9e00000,0x00000000e9e00000,0x00000000ebc80000)
 ParOldGen       total 127488K, used 49874K [0x00000000a0000000, 0x00000000a7c80000, 0x00000000e0000000)
  object space 127488K, 39% used [0x00000000a0000000,0x00000000a30b4a88,0x00000000a7c80000)
 Metaspace       used 87925K, capacity 91962K, committed 91992K, reserved 1128448K
  class space    used 11594K, capacity 12405K, committed 12416K, reserved 1048576K
}
Event: 6067.355 GC heap before
{Heap before GC invocations=29 (full 4):
 PSYoungGen      total 188416K, used 175457K [0x00000000e0000000, 0x00000000edb00000, 0x0000000100000000)
  eden space 161792K, 98% used [0x00000000e0000000,0x00000000e9c46600,0x00000000e9e00000)
  from space 26624K, 57% used [0x00000000ec100000,0x00000000ed011eb8,0x00000000edb00000)
  to   space 31232K, 0% used [0x00000000e9e00000,0x00000000e9e00000,0x00000000ebc80000)
 ParOldGen       total 127488K, used 49874K [0x00000000a0000000, 0x00000000a7c80000, 0x00000000e0000000)
  object space 127488K, 39% used [0x00000000a0000000,0x00000000a30b4a88,0x00000000a7c80000)
 Metaspace       used 89750K, capacity 93876K, committed 94168K, reserved 1130496K
  class space    used 11653K, capacity 12454K, committed 12544K, reserved 1048576K
Event: 6067.436 GC heap after
Heap after GC invocations=29 (full 4):
 PSYoungGen      total 193024K, used 17811K [0x00000000e0000000, 0x00000000ee800000, 0x0000000100000000)
  eden space 161792K, 0% used [0x00000000e0000000,0x00000000e0000000,0x00000000e9e00000)
  from space 31232K, 57% used [0x00000000e9e00000,0x00000000eaf64c90,0x00000000ebc80000)
  to   space 31232K, 0% used [0x00000000ec980000,0x00000000ec980000,0x00000000ee800000)
 ParOldGen       total 127488K, used 49882K [0x00000000a0000000, 0x00000000a7c80000, 0x00000000e0000000)
  object space 127488K, 39% used [0x00000000a0000000,0x00000000a30b6a88,0x00000000a7c80000)
 Metaspace       used 89750K, capacity 93876K, committed 94168K, reserved 1130496K
  class space    used 11653K, capacity 12454K, committed 12544K, reserved 1048576K
}

