# JRE version: Java(TM) SE Runtime Environment (8.0_231-b11) (build 1.8.0_231-b11)
# Java VM: Java HotSpot(TM) 64-Bit Server VM (25.231-b11 mixed mode windows-amd64 compressed oops)
Heap:
 PSYoungGen      total 481280K, used 175245K [0x00000000e0000000, 0x0000000100000000, 0x0000000100000000)
  eden space 438272K, 34% used [0x00000000e0000000,0x00000000e94647d0,0x00000000fac00000)
  from space 43008K, 54% used [0x00000000fac00000,0x00000000fc2bef98,0x00000000fd600000)
  to   space 42496K, 0% used [0x00000000fd680000,0x00000000fd680000,0x0000000100000000)
 ParOldGen       total 212992K, used 167131K [0x00000000a0000000, 0x00000000ad000000, 0x00000000e0000000)
  object space 212992K, 78% used [0x00000000a0000000,0x00000000aa336eb0,0x00000000ad000000)
 Metaspace       used 145378K, capacity 153220K, committed 153472K, reserved 1181696K
  class space    used 18765K, capacity 20330K, committed 20352K, reserved 1048576K
GC Heap History (10 events):
Event: 1521.902 GC heap before
{Heap before GC invocations=77 (full 8):
 PSYoungGen      total 474624K, used 443761K [0x00000000e0000000, 0x00000000ffc00000, 0x0000000100000000)
  eden space 433152K, 100% used [0x00000000e0000000,0x00000000fa700000,0x00000000fa700000)
  from space 41472K, 25% used [0x00000000fd380000,0x00000000fdddc4a0,0x00000000ffc00000)
  to   space 43520K, 0% used [0x00000000fa700000,0x00000000fa700000,0x00000000fd180000)
 ParOldGen       total 212992K, used 167107K [0x00000000a0000000, 0x00000000ad000000, 0x00000000e0000000)
  object space 212992K, 78% used [0x00000000a0000000,0x00000000aa330eb0,0x00000000ad000000)
 Metaspace       used 137925K, capacity 145096K, committed 145280K, reserved 1175552K
  class space    used 18073K, capacity 19468K, committed 19584K, reserved 1048576K
Event: 1521.915 GC heap after
Heap after GC invocations=77 (full 8):
 PSYoungGen      total 476672K, used 11055K [0x00000000e0000000, 0x00000000ffe00000, 0x0000000100000000)
  eden space 433152K, 0% used [0x00000000e0000000,0x00000000e0000000,0x00000000fa700000)
  from space 43520K, 25% used [0x00000000fa700000,0x00000000fb1cbc10,0x00000000fd180000)
  to   space 41472K, 0% used [0x00000000fd580000,0x00000000fd580000,0x00000000ffe00000)
 ParOldGen       total 212992K, used 167107K [0x00000000a0000000, 0x00000000ad000000, 0x00000000e0000000)
  object space 212992K, 78% used [0x00000000a0000000,0x00000000aa330eb0,0x00000000ad000000)
 Metaspace       used 137925K, capacity 145096K, committed 145280K, reserved 1175552K
  class space    used 18073K, capacity 19468K, committed 19584K, reserved 1048576K
}
Event: 1522.534 GC heap before
{Heap before GC invocations=78 (full 8):
 PSYoungGen      total 476672K, used 444207K [0x00000000e0000000, 0x00000000ffe00000, 0x0000000100000000)
  eden space 433152K, 100% used [0x00000000e0000000,0x00000000fa700000,0x00000000fa700000)
  from space 43520K, 25% used [0x00000000fa700000,0x00000000fb1cbc10,0x00000000fd180000)
  to   space 41472K, 0% used [0x00000000fd580000,0x00000000fd580000,0x00000000ffe00000)
 ParOldGen       total 212992K, used 167107K [0x00000000a0000000, 0x00000000ad000000, 0x00000000e0000000)
  object space 212992K, 78% used [0x00000000a0000000,0x00000000aa330eb0,0x00000000ad000000)
 Metaspace       used 137934K, capacity 145096K, committed 145280K, reserved 1175552K
  class space    used 18073K, capacity 19468K, committed 19584K, reserved 1048576K
Event: 1522.553 GC heap after
Heap after GC invocations=78 (full 8):
 PSYoungGen      total 476672K, used 10500K [0x00000000e0000000, 0x00000000ffa00000, 0x0000000100000000)
  eden space 439296K, 0% used [0x00000000e0000000,0x00000000e0000000,0x00000000fad00000)
  from space 37376K, 28% used [0x00000000fd580000,0x00000000fdfc12c0,0x00000000ffa00000)
  to   space 39424K, 0% used [0x00000000fad00000,0x00000000fad00000,0x00000000fd380000)
 ParOldGen       total 212992K, used 167107K [0x00000000a0000000, 0x00000000ad000000, 0x00000000e0000000)
  object space 212992K, 78% used [0x00000000a0000000,0x00000000aa330eb0,0x00000000ad000000)
 Metaspace       used 137934K, capacity 145096K, committed 145280K, reserved 1175552K
  class space    used 18073K, capacity 19468K, committed 19584K, reserved 1048576K
}
Event: 1528.649 GC heap before
{Heap before GC invocations=79 (full 8):
 PSYoungGen      total 476672K, used 449796K [0x00000000e0000000, 0x00000000ffa00000, 0x0000000100000000)
  eden space 439296K, 100% used [0x00000000e0000000,0x00000000fad00000,0x00000000fad00000)
  from space 37376K, 28% used [0x00000000fd580000,0x00000000fdfc12c0,0x00000000ffa00000)
  to   space 39424K, 0% used [0x00000000fad00000,0x00000000fad00000,0x00000000fd380000)
 ParOldGen       total 212992K, used 167107K [0x00000000a0000000, 0x00000000ad000000, 0x00000000e0000000)
  object space 212992K, 78% used [0x00000000a0000000,0x00000000aa330eb0,0x00000000ad000000)
 Metaspace       used 138461K, capacity 145644K, committed 145792K, reserved 1175552K
  class space    used 18131K, capacity 19520K, committed 19584K, reserved 1048576K
Event: 1528.671 GC heap after
Heap after GC invocations=79 (full 8):
 PSYoungGen      total 478720K, used 13553K [0x00000000e0000000, 0x00000000ffe00000, 0x0000000100000000)
  eden space 439296K, 0% used [0x00000000e0000000,0x00000000e0000000,0x00000000fad00000)
  from space 39424K, 34% used [0x00000000fad00000,0x00000000fba3c4b8,0x00000000fd380000)
  to   space 37376K, 0% used [0x00000000fd980000,0x00000000fd980000,0x00000000ffe00000)
 ParOldGen       total 212992K, used 167115K [0x00000000a0000000, 0x00000000ad000000, 0x00000000e0000000)
  object space 212992K, 78% used [0x00000000a0000000,0x00000000aa332eb0,0x00000000ad000000)
 Metaspace       used 138461K, capacity 145644K, committed 145792K, reserved 1175552K
  class space    used 18131K, capacity 19520K, committed 19584K, reserved 1048576K
}
Event: 1944.114 GC heap before
{Heap before GC invocations=80 (full 8):
 PSYoungGen      total 478720K, used 452849K [0x00000000e0000000, 0x00000000ffe00000, 0x0000000100000000)
  eden space 439296K, 100% used [0x00000000e0000000,0x00000000fad00000,0x00000000fad00000)
  from space 39424K, 34% used [0x00000000fad00000,0x00000000fba3c4b8,0x00000000fd380000)
  to   space 37376K, 0% used [0x00000000fd980000,0x00000000fd980000,0x00000000ffe00000)
 ParOldGen       total 212992K, used 167115K [0x00000000a0000000, 0x00000000ad000000, 0x00000000e0000000)
  object space 212992K, 78% used [0x00000000a0000000,0x00000000aa332eb0,0x00000000ad000000)
 Metaspace       used 142353K, capacity 149890K, committed 150016K, reserved 1179648K
  class space    used 18439K, capacity 19929K, committed 19968K, reserved 1048576K
Event: 1944.359 GC heap after
Heap after GC invocations=80 (full 8):
 PSYoungGen      total 475648K, used 35495K [0x00000000e0000000, 0x0000000100000000, 0x0000000100000000)
  eden space 438272K, 0% used [0x00000000e0000000,0x00000000e0000000,0x00000000fac00000)
  from space 37376K, 94% used [0x00000000fd980000,0x00000000ffc29cc0,0x00000000ffe00000)
  to   space 43008K, 0% used [0x00000000fac00000,0x00000000fac00000,0x00000000fd600000)
 ParOldGen       total 212992K, used 167123K [0x00000000a0000000, 0x00000000ad000000, 0x00000000e0000000)
  object space 212992K, 78% used [0x00000000a0000000,0x00000000aa334eb0,0x00000000ad000000)
 Metaspace       used 142353K, capacity 149890K, committed 150016K, reserved 1179648K
  class space    used 18439K, capacity 19929K, committed 19968K, reserved 1048576K
}
Event: 2656.031 GC heap before
{Heap before GC invocations=81 (full 8):
 PSYoungGen      total 475648K, used 473767K [0x00000000e0000000, 0x0000000100000000, 0x0000000100000000)
  eden space 438272K, 100% used [0x00000000e0000000,0x00000000fac00000,0x00000000fac00000)
  from space 37376K, 94% used [0x00000000fd980000,0x00000000ffc29cc0,0x00000000ffe00000)
  to   space 43008K, 0% used [0x00000000fac00000,0x00000000fac00000,0x00000000fd600000)
 ParOldGen       total 212992K, used 167123K [0x00000000a0000000, 0x00000000ad000000, 0x00000000e0000000)
  object space 212992K, 78% used [0x00000000a0000000,0x00000000aa334eb0,0x00000000ad000000)
 Metaspace       used 144969K, capacity 152826K, committed 152960K, reserved 1181696K
  class space    used 18742K, capacity 20329K, committed 20352K, reserved 1048576K
Event: 2656.207 GC heap after
Heap after GC invocations=81 (full 8):
 PSYoungGen      total 481280K, used 23291K [0x00000000e0000000, 0x0000000100000000, 0x0000000100000000)
  eden space 438272K, 0% used [0x00000000e0000000,0x00000000e0000000,0x00000000fac00000)
  from space 43008K, 54% used [0x00000000fac00000,0x00000000fc2bef98,0x00000000fd600000)
  to   space 42496K, 0% used [0x00000000fd680000,0x00000000fd680000,0x0000000100000000)
 ParOldGen       total 212992K, used 167131K [0x00000000a0000000, 0x00000000ad000000, 0x00000000e0000000)
  object space 212992K, 78% used [0x00000000a0000000,0x00000000aa336eb0,0x00000000ad000000)
 Metaspace       used 144969K, capacity 152826K, committed 152960K, reserved 1181696K
  class space    used 18742K, capacity 20329K, committed 20352K, reserved 1048576K
}

