# JRE version: Java(TM) SE Runtime Environment (8.0_231-b11) (build 1.8.0_231-b11)
# Java VM: Java HotSpot(TM) 64-Bit Server VM (25.231-b11 mixed mode windows-amd64 compressed oops)
Heap:
 PSYoungGen      total 481792K, used 11109K [0x00000000e0000000, 0x0000000100000000, 0x0000000100000000)
  eden space 439296K, 0% used [0x00000000e0000000,0x00000000e0000000,0x00000000fad00000)
  from space 42496K, 26% used [0x00000000fad00000,0x00000000fb7d97f8,0x00000000fd680000)
  to   space 40960K, 0% used [0x00000000fd800000,0x00000000fd800000,0x0000000100000000)
 ParOldGen       total 171520K, used 166158K [0x00000000a0000000, 0x00000000aa780000, 0x00000000e0000000)
  object space 171520K, 96% used [0x00000000a0000000,0x00000000aa243818,0x00000000aa780000)
 Metaspace       used 74772K, capacity 78506K, committed 78720K, reserved 1116160K
  class space    used 10317K, capacity 11025K, committed 11136K, reserved 1048576K
GC Heap History (10 events):
Event: 169.359 GC heap before
{Heap before GC invocations=107 (full 7):
 PSYoungGen      total 487936K, used 475409K [0x00000000e0000000, 0x0000000100000000, 0x0000000100000000)
  eden space 452608K, 100% used [0x00000000e0000000,0x00000000fba00000,0x00000000fba00000)
  from space 35328K, 64% used [0x00000000fba00000,0x00000000fd0445f0,0x00000000fdc80000)
  to   space 36352K, 0% used [0x00000000fdc80000,0x00000000fdc80000,0x0000000100000000)
 ParOldGen       total 171520K, used 102261K [0x00000000a0000000, 0x00000000aa780000, 0x00000000e0000000)
  object space 171520K, 59% used [0x00000000a0000000,0x00000000a63dd668,0x00000000aa780000)
 Metaspace       used 74691K, capacity 78370K, committed 78592K, reserved 1116160K
  class space    used 10307K, capacity 10985K, committed 11008K, reserved 1048576K
Event: 169.424 GC heap after
Heap after GC invocations=107 (full 7):
 PSYoungGen      total 487936K, used 21696K [0x00000000e0000000, 0x0000000100000000, 0x0000000100000000)
  eden space 451584K, 0% used [0x00000000e0000000,0x00000000e0000000,0x00000000fb900000)
  from space 36352K, 59% used [0x00000000fdc80000,0x00000000ff1b0020,0x0000000100000000)
  to   space 36352K, 0% used [0x00000000fb900000,0x00000000fb900000,0x00000000fdc80000)
 ParOldGen       total 171520K, used 102261K [0x00000000a0000000, 0x00000000aa780000, 0x00000000e0000000)
  object space 171520K, 59% used [0x00000000a0000000,0x00000000a63dd668,0x00000000aa780000)
 Metaspace       used 74691K, capacity 78370K, committed 78592K, reserved 1116160K
  class space    used 10307K, capacity 10985K, committed 11008K, reserved 1048576K
}
Event: 171.388 GC heap before
{Heap before GC invocations=108 (full 7):
 PSYoungGen      total 487936K, used 473280K [0x00000000e0000000, 0x0000000100000000, 0x0000000100000000)
  eden space 451584K, 100% used [0x00000000e0000000,0x00000000fb900000,0x00000000fb900000)
  from space 36352K, 59% used [0x00000000fdc80000,0x00000000ff1b0020,0x0000000100000000)
  to   space 36352K, 0% used [0x00000000fb900000,0x00000000fb900000,0x00000000fdc80000)
 ParOldGen       total 171520K, used 102261K [0x00000000a0000000, 0x00000000aa780000, 0x00000000e0000000)
  object space 171520K, 59% used [0x00000000a0000000,0x00000000a63dd668,0x00000000aa780000)
 Metaspace       used 74698K, capacity 78370K, committed 78592K, reserved 1116160K
  class space    used 10308K, capacity 10985K, committed 11008K, reserved 1048576K
Event: 171.468 GC heap after
Heap after GC invocations=108 (full 7):
 PSYoungGen      total 463360K, used 11296K [0x00000000e0000000, 0x00000000ffe00000, 0x0000000100000000)
  eden space 451584K, 0% used [0x00000000e0000000,0x00000000e0000000,0x00000000fb900000)
  from space 11776K, 95% used [0x00000000fb900000,0x00000000fc408010,0x00000000fc480000)
  to   space 35328K, 0% used [0x00000000fdb80000,0x00000000fdb80000,0x00000000ffe00000)
 ParOldGen       total 171520K, used 117194K [0x00000000a0000000, 0x00000000aa780000, 0x00000000e0000000)
  object space 171520K, 68% used [0x00000000a0000000,0x00000000a7272b70,0x00000000aa780000)
 Metaspace       used 74698K, capacity 78370K, committed 78592K, reserved 1116160K
  class space    used 10308K, capacity 10985K, committed 11008K, reserved 1048576K
}
Event: 173.697 GC heap before
{Heap before GC invocations=109 (full 7):
 PSYoungGen      total 463360K, used 462880K [0x00000000e0000000, 0x00000000ffe00000, 0x0000000100000000)
  eden space 451584K, 100% used [0x00000000e0000000,0x00000000fb900000,0x00000000fb900000)
  from space 11776K, 95% used [0x00000000fb900000,0x00000000fc408010,0x00000000fc480000)
  to   space 35328K, 0% used [0x00000000fdb80000,0x00000000fdb80000,0x00000000ffe00000)
 ParOldGen       total 171520K, used 117194K [0x00000000a0000000, 0x00000000aa780000, 0x00000000e0000000)
  object space 171520K, 68% used [0x00000000a0000000,0x00000000a7272b70,0x00000000aa780000)
 Metaspace       used 74701K, capacity 78370K, committed 78592K, reserved 1116160K
  class space    used 10308K, capacity 10985K, committed 11008K, reserved 1048576K
Event: 173.742 GC heap after
Heap after GC invocations=109 (full 7):
 PSYoungGen      total 488448K, used 14035K [0x00000000e0000000, 0x0000000100000000, 0x0000000100000000)
  eden space 453120K, 0% used [0x00000000e0000000,0x00000000e0000000,0x00000000fba80000)
  from space 35328K, 39% used [0x00000000fdb80000,0x00000000fe934f78,0x00000000ffe00000)
  to   space 33792K, 0% used [0x00000000fba80000,0x00000000fba80000,0x00000000fdb80000)
 ParOldGen       total 171520K, used 123234K [0x00000000a0000000, 0x00000000aa780000, 0x00000000e0000000)
  object space 171520K, 71% used [0x00000000a0000000,0x00000000a7858b80,0x00000000aa780000)
 Metaspace       used 74701K, capacity 78370K, committed 78592K, reserved 1116160K
  class space    used 10308K, capacity 10985K, committed 11008K, reserved 1048576K
}
Event: 175.556 GC heap before
{Heap before GC invocations=110 (full 7):
 PSYoungGen      total 488448K, used 467155K [0x00000000e0000000, 0x0000000100000000, 0x0000000100000000)
  eden space 453120K, 100% used [0x00000000e0000000,0x00000000fba80000,0x00000000fba80000)
  from space 35328K, 39% used [0x00000000fdb80000,0x00000000fe934f78,0x00000000ffe00000)
  to   space 33792K, 0% used [0x00000000fba80000,0x00000000fba80000,0x00000000fdb80000)
 ParOldGen       total 171520K, used 123234K [0x00000000a0000000, 0x00000000aa780000, 0x00000000e0000000)
  object space 171520K, 71% used [0x00000000a0000000,0x00000000a7858b80,0x00000000aa780000)
 Metaspace       used 74730K, capacity 78402K, committed 78720K, reserved 1116160K
  class space    used 10312K, capacity 11017K, committed 11136K, reserved 1048576K
Event: 175.595 GC heap after
Heap after GC invocations=110 (full 7):
 PSYoungGen      total 486912K, used 4817K [0x00000000e0000000, 0x00000000ffe80000, 0x0000000100000000)
  eden space 453120K, 0% used [0x00000000e0000000,0x00000000e0000000,0x00000000fba80000)
  from space 33792K, 14% used [0x00000000fba80000,0x00000000fbf347d8,0x00000000fdb80000)
  to   space 33792K, 0% used [0x00000000fdd80000,0x00000000fdd80000,0x00000000ffe80000)
 ParOldGen       total 171520K, used 128823K [0x00000000a0000000, 0x00000000aa780000, 0x00000000e0000000)
  object space 171520K, 75% used [0x00000000a0000000,0x00000000a7dcdda8,0x00000000aa780000)
 Metaspace       used 74730K, capacity 78402K, committed 78720K, reserved 1116160K
  class space    used 10312K, capacity 11017K, committed 11136K, reserved 1048576K
}
Event: 190.994 GC heap before
{Heap before GC invocations=111 (full 7):
 PSYoungGen      total 486912K, used 457937K [0x00000000e0000000, 0x00000000ffe80000, 0x0000000100000000)
  eden space 453120K, 100% used [0x00000000e0000000,0x00000000fba80000,0x00000000fba80000)
  from space 33792K, 14% used [0x00000000fba80000,0x00000000fbf347d8,0x00000000fdb80000)
  to   space 33792K, 0% used [0x00000000fdd80000,0x00000000fdd80000,0x00000000ffe80000)
 ParOldGen       total 171520K, used 128823K [0x00000000a0000000, 0x00000000aa780000, 0x00000000e0000000)
  object space 171520K, 75% used [0x00000000a0000000,0x00000000a7dcdda8,0x00000000aa780000)
 Metaspace       used 74763K, capacity 78500K, committed 78720K, reserved 1116160K
  class space    used 10317K, capacity 11024K, committed 11136K, reserved 1048576K
Event: 191.077 GC heap after
Heap after GC invocations=111 (full 7):
 PSYoungGen      total 473088K, used 33786K [0x00000000e0000000, 0x0000000100000000, 0x0000000100000000)
  eden space 439296K, 0% used [0x00000000e0000000,0x00000000e0000000,0x00000000fad00000)
  from space 33792K, 99% used [0x00000000fdd80000,0x00000000ffe7e838,0x00000000ffe80000)
  to   space 42496K, 0% used [0x00000000fad00000,0x00000000fad00000,0x00000000fd680000)
 ParOldGen       total 171520K, used 138389K [0x00000000a0000000, 0x00000000aa780000, 0x00000000e0000000)
  object space 171520K, 80% used [0x00000000a0000000,0x00000000a87254a0,0x00000000aa780000)
 Metaspace       used 74763K, capacity 78500K, committed 78720K, reserved 1116160K
  class space    used 10317K, capacity 11024K, committed 11136K, reserved 1048576K
}

