# JRE version: Java(TM) SE Runtime Environment (8.0_231-b11) (build 1.8.0_231-b11)
# Java VM: Java HotSpot(TM) 64-Bit Server VM (25.231-b11 mixed mode windows-amd64 compressed oops)
Heap:
 PSYoungGen      total 251392K, used 135519K [0x00000000e0000000, 0x00000000f1e00000, 0x0000000100000000)
  eden space 236032K, 56% used [0x00000000e0000000,0x00000000e81ae9e0,0x00000000ee680000)
  from space 15360K, 17% used [0x00000000ee680000,0x00000000ee9295e0,0x00000000ef580000)
  to   space 15360K, 0% used [0x00000000f0f00000,0x00000000f0f00000,0x00000000f1e00000)
 ParOldGen       total 72704K, used 54811K [0x00000000a0000000, 0x00000000a4700000, 0x00000000e0000000)
  object space 72704K, 75% used [0x00000000a0000000,0x00000000a3586e88,0x00000000a4700000)
 Metaspace       used 80913K, capacity 84206K, committed 84440K, reserved 1122304K
  class space    used 10796K, capacity 11455K, committed 11520K, reserved 1048576K
GC Heap History (10 events):
Event: 299.065 GC heap before
{Heap before GC invocations=32 (full 3):
 PSYoungGen      total 187392K, used 184808K [0x00000000e0000000, 0x00000000ec700000, 0x0000000100000000)
  eden space 174080K, 100% used [0x00000000e0000000,0x00000000eaa00000,0x00000000eaa00000)
  from space 13312K, 80% used [0x00000000eba00000,0x00000000ec47a250,0x00000000ec700000)
  to   space 14848K, 0% used [0x00000000eaa00000,0x00000000eaa00000,0x00000000eb880000)
 ParOldGen       total 72704K, used 37145K [0x00000000a0000000, 0x00000000a4700000, 0x00000000e0000000)
  object space 72704K, 51% used [0x00000000a0000000,0x00000000a2446618,0x00000000a4700000)
 Metaspace       used 79257K, capacity 82466K, committed 82520K, reserved 1120256K
  class space    used 10701K, capacity 11353K, committed 11392K, reserved 1048576K
Event: 299.105 GC heap after
Heap after GC invocations=32 (full 3):
 PSYoungGen      total 188928K, used 13128K [0x00000000e0000000, 0x00000000ee880000, 0x0000000100000000)
  eden space 174080K, 0% used [0x00000000e0000000,0x00000000e0000000,0x00000000eaa00000)
  from space 14848K, 88% used [0x00000000eaa00000,0x00000000eb6d22a0,0x00000000eb880000)
  to   space 16896K, 0% used [0x00000000ed800000,0x00000000ed800000,0x00000000ee880000)
 ParOldGen       total 72704K, used 43319K [0x00000000a0000000, 0x00000000a4700000, 0x00000000e0000000)
  object space 72704K, 59% used [0x00000000a0000000,0x00000000a2a4df00,0x00000000a4700000)
 Metaspace       used 79257K, capacity 82466K, committed 82520K, reserved 1120256K
  class space    used 10701K, capacity 11353K, committed 11392K, reserved 1048576K
}
Event: 301.207 GC heap before
{Heap before GC invocations=33 (full 3):
 PSYoungGen      total 188928K, used 187208K [0x00000000e0000000, 0x00000000ee880000, 0x0000000100000000)
  eden space 174080K, 100% used [0x00000000e0000000,0x00000000eaa00000,0x00000000eaa00000)
  from space 14848K, 88% used [0x00000000eaa00000,0x00000000eb6d22a0,0x00000000eb880000)
  to   space 16896K, 0% used [0x00000000ed800000,0x00000000ed800000,0x00000000ee880000)
 ParOldGen       total 72704K, used 43319K [0x00000000a0000000, 0x00000000a4700000, 0x00000000e0000000)
  object space 72704K, 59% used [0x00000000a0000000,0x00000000a2a4df00,0x00000000a4700000)
 Metaspace       used 79435K, capacity 82672K, committed 82776K, reserved 1120256K
  class space    used 10702K, capacity 11354K, committed 11392K, reserved 1048576K
Event: 301.234 GC heap after
Heap after GC invocations=33 (full 3):
 PSYoungGen      total 221184K, used 2848K [0x00000000e0000000, 0x00000000ee800000, 0x0000000100000000)
  eden space 204800K, 0% used [0x00000000e0000000,0x00000000e0000000,0x00000000ec800000)
  from space 16384K, 17% used [0x00000000ed800000,0x00000000edac81e0,0x00000000ee800000)
  to   space 16384K, 0% used [0x00000000ec800000,0x00000000ec800000,0x00000000ed800000)
 ParOldGen       total 72704K, used 52640K [0x00000000a0000000, 0x00000000a4700000, 0x00000000e0000000)
  object space 72704K, 72% used [0x00000000a0000000,0x00000000a33680f0,0x00000000a4700000)
 Metaspace       used 79435K, capacity 82672K, committed 82776K, reserved 1120256K
  class space    used 10702K, capacity 11354K, committed 11392K, reserved 1048576K
}
Event: 302.079 GC heap before
{Heap before GC invocations=34 (full 3):
 PSYoungGen      total 221184K, used 207648K [0x00000000e0000000, 0x00000000ee800000, 0x0000000100000000)
  eden space 204800K, 100% used [0x00000000e0000000,0x00000000ec800000,0x00000000ec800000)
  from space 16384K, 17% used [0x00000000ed800000,0x00000000edac81e0,0x00000000ee800000)
  to   space 16384K, 0% used [0x00000000ec800000,0x00000000ec800000,0x00000000ed800000)
 ParOldGen       total 72704K, used 52640K [0x00000000a0000000, 0x00000000a4700000, 0x00000000e0000000)
  object space 72704K, 72% used [0x00000000a0000000,0x00000000a33680f0,0x00000000a4700000)
 Metaspace       used 79481K, capacity 82762K, committed 83032K, reserved 1120256K
  class space    used 10704K, capacity 11357K, committed 11392K, reserved 1048576K
Event: 302.087 GC heap after
Heap after GC invocations=34 (full 3):
 PSYoungGen      total 221184K, used 5103K [0x00000000e0000000, 0x00000000f0900000, 0x0000000100000000)
  eden space 204800K, 0% used [0x00000000e0000000,0x00000000e0000000,0x00000000ec800000)
  from space 16384K, 31% used [0x00000000ec800000,0x00000000eccfbd30,0x00000000ed800000)
  to   space 15872K, 0% used [0x00000000ef980000,0x00000000ef980000,0x00000000f0900000)
 ParOldGen       total 72704K, used 53347K [0x00000000a0000000, 0x00000000a4700000, 0x00000000e0000000)
  object space 72704K, 73% used [0x00000000a0000000,0x00000000a3418e18,0x00000000a4700000)
 Metaspace       used 79481K, capacity 82762K, committed 83032K, reserved 1120256K
  class space    used 10704K, capacity 11357K, committed 11392K, reserved 1048576K
}
Event: 309.125 GC heap before
{Heap before GC invocations=35 (full 3):
 PSYoungGen      total 221184K, used 209903K [0x00000000e0000000, 0x00000000f0900000, 0x0000000100000000)
  eden space 204800K, 100% used [0x00000000e0000000,0x00000000ec800000,0x00000000ec800000)
  from space 16384K, 31% used [0x00000000ec800000,0x00000000eccfbd30,0x00000000ed800000)
  to   space 15872K, 0% used [0x00000000ef980000,0x00000000ef980000,0x00000000f0900000)
 ParOldGen       total 72704K, used 53347K [0x00000000a0000000, 0x00000000a4700000, 0x00000000e0000000)
  object space 72704K, 73% used [0x00000000a0000000,0x00000000a3418e18,0x00000000a4700000)
 Metaspace       used 79643K, capacity 82924K, committed 83032K, reserved 1120256K
  class space    used 10704K, capacity 11358K, committed 11392K, reserved 1048576K
Event: 309.133 GC heap after
Heap after GC invocations=35 (full 3):
 PSYoungGen      total 247296K, used 2020K [0x00000000e0000000, 0x00000000f0480000, 0x0000000100000000)
  eden space 236032K, 0% used [0x00000000e0000000,0x00000000e0000000,0x00000000ee680000)
  from space 11264K, 17% used [0x00000000ef980000,0x00000000efb79178,0x00000000f0480000)
  to   space 15360K, 0% used [0x00000000ee680000,0x00000000ee680000,0x00000000ef580000)
 ParOldGen       total 72704K, used 53491K [0x00000000a0000000, 0x00000000a4700000, 0x00000000e0000000)
  object space 72704K, 73% used [0x00000000a0000000,0x00000000a343ce18,0x00000000a4700000)
 Metaspace       used 79643K, capacity 82924K, committed 83032K, reserved 1120256K
  class space    used 10704K, capacity 11358K, committed 11392K, reserved 1048576K
}
Event: 366.054 GC heap before
{Heap before GC invocations=36 (full 3):
 PSYoungGen      total 247296K, used 238052K [0x00000000e0000000, 0x00000000f0480000, 0x0000000100000000)
  eden space 236032K, 100% used [0x00000000e0000000,0x00000000ee680000,0x00000000ee680000)
  from space 11264K, 17% used [0x00000000ef980000,0x00000000efb79178,0x00000000f0480000)
  to   space 15360K, 0% used [0x00000000ee680000,0x00000000ee680000,0x00000000ef580000)
 ParOldGen       total 72704K, used 53491K [0x00000000a0000000, 0x00000000a4700000, 0x00000000e0000000)
  object space 72704K, 73% used [0x00000000a0000000,0x00000000a343ce18,0x00000000a4700000)
 Metaspace       used 80105K, capacity 83404K, committed 83544K, reserved 1122304K
  class space    used 10732K, capacity 11368K, committed 11392K, reserved 1048576K
Event: 366.073 GC heap after
Heap after GC invocations=36 (full 3):
 PSYoungGen      total 251392K, used 2725K [0x00000000e0000000, 0x00000000f1e00000, 0x0000000100000000)
  eden space 236032K, 0% used [0x00000000e0000000,0x00000000e0000000,0x00000000ee680000)
  from space 15360K, 17% used [0x00000000ee680000,0x00000000ee9295e0,0x00000000ef580000)
  to   space 15360K, 0% used [0x00000000f0f00000,0x00000000f0f00000,0x00000000f1e00000)
 ParOldGen       total 72704K, used 54811K [0x00000000a0000000, 0x00000000a4700000, 0x00000000e0000000)
  object space 72704K, 75% used [0x00000000a0000000,0x00000000a3586e88,0x00000000a4700000)
 Metaspace       used 80105K, capacity 83404K, committed 83544K, reserved 1122304K
  class space    used 10732K, capacity 11368K, committed 11392K, reserved 1048576K
}

