# JRE version: OpenJDK Runtime Environment (8.0_202-b03) (build 1.8.0_202-release-1483-b03)
# Java VM: OpenJDK 64-Bit Server VM (25.202-b03 mixed mode windows-amd64 compressed oops)
Heap:
 PSYoungGen      total 355328K, used 205436K [0x00000000e0000000, 0x00000000f8f80000, 0x0000000100000000)
  eden space 330240K, 58% used [0x00000000e0000000,0x00000000ebb8a268,0x00000000f4280000)
  from space 25088K, 53% used [0x00000000f6600000,0x00000000f7315030,0x00000000f7e80000)
  to   space 17408K, 0% used [0x00000000f7e80000,0x00000000f7e80000,0x00000000f8f80000)
 ParOldGen       total 199168K, used 118924K [0x00000000a0000000, 0x00000000ac280000, 0x00000000e0000000)
  object space 199168K, 59% used [0x00000000a0000000,0x00000000a7423210,0x00000000ac280000)
 Metaspace       used 123091K, capacity 129494K, committed 130452K, reserved 1163264K
  class space    used 15219K, capacity 16374K, committed 16828K, reserved 1048576K
GC Heap History (10 events):
Event: 7006.889 GC heap before
{Heap before GC invocations=38 (full 5):
 PSYoungGen      total 384000K, used 377344K [0x00000000e0000000, 0x00000000fb300000, 0x0000000100000000)
  eden space 377344K, 100% used [0x00000000e0000000,0x00000000f7080000,0x00000000f7080000)
  from space 6656K, 0% used [0x00000000fac80000,0x00000000fac80000,0x00000000fb300000)
  to   space 31744K, 0% used [0x00000000f7500000,0x00000000f7500000,0x00000000f9400000)
 ParOldGen       total 133632K, used 68668K [0x00000000a0000000, 0x00000000a8280000, 0x00000000e0000000)
  object space 133632K, 51% used [0x00000000a0000000,0x00000000a430f0e8,0x00000000a8280000)
 Metaspace       used 113452K, capacity 118996K, committed 120596K, reserved 1155072K
  class space    used 13946K, capacity 15009K, committed 15420K, reserved 1048576K
Event: 7006.942 GC heap after
Heap after GC invocations=38 (full 5):
 PSYoungGen      total 375296K, used 14184K [0x00000000e0000000, 0x00000000fad00000, 0x0000000100000000)
  eden space 360960K, 0% used [0x00000000e0000000,0x00000000e0000000,0x00000000f6080000)
  from space 14336K, 98% used [0x00000000f7500000,0x00000000f82da370,0x00000000f8300000)
  to   space 30720K, 0% used [0x00000000f8f00000,0x00000000f8f00000,0x00000000fad00000)
 ParOldGen       total 133632K, used 68676K [0x00000000a0000000, 0x00000000a8280000, 0x00000000e0000000)
  object space 133632K, 51% used [0x00000000a0000000,0x00000000a43110e8,0x00000000a8280000)
 Metaspace       used 113452K, capacity 118996K, committed 120596K, reserved 1155072K
  class space    used 13946K, capacity 15009K, committed 15420K, reserved 1048576K
}
Event: 7018.492 GC heap before
{Heap before GC invocations=39 (full 5):
 PSYoungGen      total 375296K, used 375144K [0x00000000e0000000, 0x00000000fad00000, 0x0000000100000000)
  eden space 360960K, 100% used [0x00000000e0000000,0x00000000f6080000,0x00000000f6080000)
  from space 14336K, 98% used [0x00000000f7500000,0x00000000f82da370,0x00000000f8300000)
  to   space 30720K, 0% used [0x00000000f8f00000,0x00000000f8f00000,0x00000000fad00000)
 ParOldGen       total 133632K, used 68679K [0x00000000a0000000, 0x00000000a8280000, 0x00000000e0000000)
  object space 133632K, 51% used [0x00000000a0000000,0x00000000a4311ff0,0x00000000a8280000)
 Metaspace       used 114780K, capacity 120450K, committed 122004K, reserved 1155072K
  class space    used 14145K, capacity 15210K, committed 15548K, reserved 1048576K
Event: 7018.565 GC heap after
Heap after GC invocations=39 (full 5):
 PSYoungGen      total 365568K, used 19994K [0x00000000e0000000, 0x00000000fa300000, 0x0000000100000000)
  eden space 345088K, 0% used [0x00000000e0000000,0x00000000e0000000,0x00000000f5100000)
  from space 20480K, 97% used [0x00000000f8f00000,0x00000000fa286ba0,0x00000000fa300000)
  to   space 31232K, 0% used [0x00000000f6600000,0x00000000f6600000,0x00000000f8480000)
 ParOldGen       total 133632K, used 68695K [0x00000000a0000000, 0x00000000a8280000, 0x00000000e0000000)
  object space 133632K, 51% used [0x00000000a0000000,0x00000000a4315ff0,0x00000000a8280000)
 Metaspace       used 114780K, capacity 120450K, committed 122004K, reserved 1155072K
  class space    used 14145K, capacity 15210K, committed 15548K, reserved 1048576K
}
Event: 7027.007 GC heap before
{Heap before GC invocations=40 (full 5):
 PSYoungGen      total 365568K, used 365082K [0x00000000e0000000, 0x00000000fa300000, 0x0000000100000000)
  eden space 345088K, 100% used [0x00000000e0000000,0x00000000f5100000,0x00000000f5100000)
  from space 20480K, 97% used [0x00000000f8f00000,0x00000000fa286ba0,0x00000000fa300000)
  to   space 31232K, 0% used [0x00000000f6600000,0x00000000f6600000,0x00000000f8480000)
 ParOldGen       total 133632K, used 68695K [0x00000000a0000000, 0x00000000a8280000, 0x00000000e0000000)
  object space 133632K, 51% used [0x00000000a0000000,0x00000000a4315ff0,0x00000000a8280000)
 Metaspace       used 122924K, capacity 129686K, committed 130196K, reserved 1163264K
  class space    used 15268K, capacity 16490K, committed 16828K, reserved 1048576K
Event: 7027.098 GC heap after
Heap after GC invocations=40 (full 5):
 PSYoungGen      total 355328K, used 24865K [0x00000000e0000000, 0x00000000f8f80000, 0x0000000100000000)
  eden space 330240K, 0% used [0x00000000e0000000,0x00000000e0000000,0x00000000f4280000)
  from space 25088K, 99% used [0x00000000f6600000,0x00000000f7e48460,0x00000000f7e80000)
  to   space 17408K, 0% used [0x00000000f7e80000,0x00000000f7e80000,0x00000000f8f80000)
 ParOldGen       total 133632K, used 80537K [0x00000000a0000000, 0x00000000a8280000, 0x00000000e0000000)
  object space 133632K, 60% used [0x00000000a0000000,0x00000000a4ea64f8,0x00000000a8280000)
 Metaspace       used 122924K, capacity 129686K, committed 130196K, reserved 1163264K
  class space    used 15268K, capacity 16490K, committed 16828K, reserved 1048576K
}
Event: 7028.464 GC heap before
{Heap before GC invocations=41 (full 5):
 PSYoungGen      total 355328K, used 355105K [0x00000000e0000000, 0x00000000f8f80000, 0x0000000100000000)
  eden space 330240K, 100% used [0x00000000e0000000,0x00000000f4280000,0x00000000f4280000)
  from space 25088K, 99% used [0x00000000f6600000,0x00000000f7e48460,0x00000000f7e80000)
  to   space 17408K, 0% used [0x00000000f7e80000,0x00000000f7e80000,0x00000000f8f80000)
 ParOldGen       total 133632K, used 80537K [0x00000000a0000000, 0x00000000a8280000, 0x00000000e0000000)
  object space 133632K, 60% used [0x00000000a0000000,0x00000000a4ea64f8,0x00000000a8280000)
 Metaspace       used 123090K, capacity 129850K, committed 130452K, reserved 1163264K
  class space    used 15279K, capacity 16496K, committed 16828K, reserved 1048576K
Event: 7028.556 GC heap after
Heap after GC invocations=41 (full 5):
 PSYoungGen      total 347648K, used 17381K [0x00000000e0000000, 0x00000000f8f80000, 0x0000000100000000)
  eden space 330240K, 0% used [0x00000000e0000000,0x00000000e0000000,0x00000000f4280000)
  from space 17408K, 99% used [0x00000000f7e80000,0x00000000f8f79750,0x00000000f8f80000)
  to   space 25088K, 0% used [0x00000000f6600000,0x00000000f6600000,0x00000000f7e80000)
 ParOldGen       total 133632K, used 110226K [0x00000000a0000000, 0x00000000a8280000, 0x00000000e0000000)
  object space 133632K, 82% used [0x00000000a0000000,0x00000000a6ba48d0,0x00000000a8280000)
 Metaspace       used 123090K, capacity 129850K, committed 130452K, reserved 1163264K
  class space    used 15279K, capacity 16496K, committed 16828K, reserved 1048576K
}
Event: 7028.575 GC heap before
{Heap before GC invocations=42 (full 6):
 PSYoungGen      total 347648K, used 17381K [0x00000000e0000000, 0x00000000f8f80000, 0x0000000100000000)
  eden space 330240K, 0% used [0x00000000e0000000,0x00000000e0000000,0x00000000f4280000)
  from space 17408K, 99% used [0x00000000f7e80000,0x00000000f8f79750,0x00000000f8f80000)
  to   space 25088K, 0% used [0x00000000f6600000,0x00000000f6600000,0x00000000f7e80000)
 ParOldGen       total 133632K, used 110226K [0x00000000a0000000, 0x00000000a8280000, 0x00000000e0000000)
  object space 133632K, 82% used [0x00000000a0000000,0x00000000a6ba48d0,0x00000000a8280000)
 Metaspace       used 123090K, capacity 129850K, committed 130452K, reserved 1163264K
  class space    used 15279K, capacity 16496K, committed 16828K, reserved 1048576K
Event: 7029.559 GC heap after
Heap after GC invocations=42 (full 6):
 PSYoungGen      total 347648K, used 0K [0x00000000e0000000, 0x00000000f8f80000, 0x0000000100000000)
  eden space 330240K, 0% used [0x00000000e0000000,0x00000000e0000000,0x00000000f4280000)
  from space 17408K, 0% used [0x00000000f7e80000,0x00000000f7e80000,0x00000000f8f80000)
  to   space 25088K, 0% used [0x00000000f6600000,0x00000000f6600000,0x00000000f7e80000)
 ParOldGen       total 199168K, used 118916K [0x00000000a0000000, 0x00000000ac280000, 0x00000000e0000000)
  object space 199168K, 59% used [0x00000000a0000000,0x00000000a7421210,0x00000000ac280000)
 Metaspace       used 122866K, capacity 129226K, committed 130452K, reserved 1163264K
  class space    used 15202K, capacity 16360K, committed 16828K, reserved 1048576K
}

