# JRE version: OpenJDK Runtime Environment (8.0_202-b03) (build 1.8.0_202-release-1483-b03)
# Java VM: OpenJDK 64-Bit Server VM (25.202-b03 mixed mode windows-amd64 compressed oops)
Heap:
 PSYoungGen      total 370688K, used 251521K [0x00000000e0000000, 0x00000000f9980000, 0x0000000100000000)
  eden space 327168K, 73% used [0x00000000e0000000,0x00000000eea4c628,0x00000000f3f80000)
  from space 43520K, 26% used [0x00000000f3f80000,0x00000000f4ad3df0,0x00000000f6a00000)
  to   space 41984K, 0% used [0x00000000f7080000,0x00000000f7080000,0x00000000f9980000)
 ParOldGen       total 219136K, used 94806K [0x00000000a0000000, 0x00000000ad600000, 0x00000000e0000000)
  object space 219136K, 43% used [0x00000000a0000000,0x00000000a5c959f0,0x00000000ad600000)
 Metaspace       used 91183K, capacity 95422K, committed 95640K, reserved 1132544K
  class space    used 11624K, capacity 12445K, committed 12456K, reserved 1048576K
GC Heap History (10 events):
Event: 323.239 GC heap before
{Heap before GC invocations=27 (full 6):
 PSYoungGen      total 342528K, used 342104K [0x00000000e0000000, 0x00000000f7d00000, 0x0000000100000000)
  eden space 320512K, 100% used [0x00000000e0000000,0x00000000f3900000,0x00000000f3900000)
  from space 22016K, 98% used [0x00000000f4f00000,0x00000000f64160d8,0x00000000f6480000)
  to   space 25088K, 0% used [0x00000000f6480000,0x00000000f6480000,0x00000000f7d00000)
 ParOldGen       total 244224K, used 200235K [0x00000000a0000000, 0x00000000aee80000, 0x00000000e0000000)
  object space 244224K, 81% used [0x00000000a0000000,0x00000000ac38aff8,0x00000000aee80000)
 Metaspace       used 86076K, capacity 89390K, committed 89496K, reserved 1126400K
  class space    used 11201K, capacity 11887K, committed 11944K, reserved 1048576K
Event: 323.304 GC heap after
Heap after GC invocations=27 (full 6):
 PSYoungGen      total 342528K, used 25057K [0x00000000e0000000, 0x00000000fa280000, 0x0000000100000000)
  eden space 317440K, 0% used [0x00000000e0000000,0x00000000e0000000,0x00000000f3600000)
  from space 25088K, 99% used [0x00000000f6480000,0x00000000f7cf84d0,0x00000000f7d00000)
  to   space 47616K, 0% used [0x00000000f3600000,0x00000000f3600000,0x00000000f6480000)
 ParOldGen       total 244224K, used 230146K [0x00000000a0000000, 0x00000000aee80000, 0x00000000e0000000)
  object space 244224K, 94% used [0x00000000a0000000,0x00000000ae0c0850,0x00000000aee80000)
 Metaspace       used 86076K, capacity 89390K, committed 89496K, reserved 1126400K
  class space    used 11201K, capacity 11887K, committed 11944K, reserved 1048576K
}
Event: 323.304 GC heap before
{Heap before GC invocations=28 (full 7):
 PSYoungGen      total 342528K, used 25057K [0x00000000e0000000, 0x00000000fa280000, 0x0000000100000000)
  eden space 317440K, 0% used [0x00000000e0000000,0x00000000e0000000,0x00000000f3600000)
  from space 25088K, 99% used [0x00000000f6480000,0x00000000f7cf84d0,0x00000000f7d00000)
  to   space 47616K, 0% used [0x00000000f3600000,0x00000000f3600000,0x00000000f6480000)
 ParOldGen       total 244224K, used 230146K [0x00000000a0000000, 0x00000000aee80000, 0x00000000e0000000)
  object space 244224K, 94% used [0x00000000a0000000,0x00000000ae0c0850,0x00000000aee80000)
 Metaspace       used 86076K, capacity 89390K, committed 89496K, reserved 1126400K
  class space    used 11201K, capacity 11887K, committed 11944K, reserved 1048576K
Event: 323.681 GC heap after
Heap after GC invocations=28 (full 7):
 PSYoungGen      total 342528K, used 0K [0x00000000e0000000, 0x00000000fa280000, 0x0000000100000000)
  eden space 317440K, 0% used [0x00000000e0000000,0x00000000e0000000,0x00000000f3600000)
  from space 25088K, 0% used [0x00000000f6480000,0x00000000f6480000,0x00000000f7d00000)
  to   space 47616K, 0% used [0x00000000f3600000,0x00000000f3600000,0x00000000f6480000)
 ParOldGen       total 219136K, used 94782K [0x00000000a0000000, 0x00000000ad600000, 0x00000000e0000000)
  object space 219136K, 43% used [0x00000000a0000000,0x00000000a5c8f9f0,0x00000000ad600000)
 Metaspace       used 86076K, capacity 89390K, committed 89496K, reserved 1126400K
  class space    used 11201K, capacity 11887K, committed 11944K, reserved 1048576K
}
Event: 645.304 GC heap before
{Heap before GC invocations=29 (full 7):
 PSYoungGen      total 342528K, used 317440K [0x00000000e0000000, 0x00000000fa280000, 0x0000000100000000)
  eden space 317440K, 100% used [0x00000000e0000000,0x00000000f3600000,0x00000000f3600000)
  from space 25088K, 0% used [0x00000000f6480000,0x00000000f6480000,0x00000000f7d00000)
  to   space 47616K, 0% used [0x00000000f3600000,0x00000000f3600000,0x00000000f6480000)
 ParOldGen       total 219136K, used 94782K [0x00000000a0000000, 0x00000000ad600000, 0x00000000e0000000)
  object space 219136K, 43% used [0x00000000a0000000,0x00000000a5c8f9f0,0x00000000ad600000)
 Metaspace       used 87767K, capacity 91242K, committed 91416K, reserved 1128448K
  class space    used 11311K, capacity 12023K, committed 12072K, reserved 1048576K
Event: 645.537 GC heap after
Heap after GC invocations=29 (full 7):
 PSYoungGen      total 365056K, used 18118K [0x00000000e0000000, 0x00000000f9a80000, 0x0000000100000000)
  eden space 317440K, 0% used [0x00000000e0000000,0x00000000e0000000,0x00000000f3600000)
  from space 47616K, 38% used [0x00000000f3600000,0x00000000f47b18a8,0x00000000f6480000)
  to   space 45056K, 0% used [0x00000000f6e80000,0x00000000f6e80000,0x00000000f9a80000)
 ParOldGen       total 219136K, used 94790K [0x00000000a0000000, 0x00000000ad600000, 0x00000000e0000000)
  object space 219136K, 43% used [0x00000000a0000000,0x00000000a5c919f0,0x00000000ad600000)
 Metaspace       used 87767K, capacity 91242K, committed 91416K, reserved 1128448K
  class space    used 11311K, capacity 12023K, committed 12072K, reserved 1048576K
}
Event: 862.938 GC heap before
{Heap before GC invocations=30 (full 7):
 PSYoungGen      total 365056K, used 335558K [0x00000000e0000000, 0x00000000f9a80000, 0x0000000100000000)
  eden space 317440K, 100% used [0x00000000e0000000,0x00000000f3600000,0x00000000f3600000)
  from space 47616K, 38% used [0x00000000f3600000,0x00000000f47b18a8,0x00000000f6480000)
  to   space 45056K, 0% used [0x00000000f6e80000,0x00000000f6e80000,0x00000000f9a80000)
 ParOldGen       total 219136K, used 94790K [0x00000000a0000000, 0x00000000ad600000, 0x00000000e0000000)
  object space 219136K, 43% used [0x00000000a0000000,0x00000000a5c919f0,0x00000000ad600000)
 Metaspace       used 89132K, capacity 92798K, committed 93080K, reserved 1130496K
  class space    used 11432K, capacity 12167K, committed 12200K, reserved 1048576K
Event: 863.050 GC heap after
Heap after GC invocations=30 (full 7):
 PSYoungGen      total 366080K, used 11156K [0x00000000e0000000, 0x00000000f9480000, 0x0000000100000000)
  eden space 327168K, 0% used [0x00000000e0000000,0x00000000e0000000,0x00000000f3f80000)
  from space 38912K, 28% used [0x00000000f6e80000,0x00000000f7965240,0x00000000f9480000)
  to   space 43520K, 0% used [0x00000000f3f80000,0x00000000f3f80000,0x00000000f6a00000)
 ParOldGen       total 219136K, used 94798K [0x00000000a0000000, 0x00000000ad600000, 0x00000000e0000000)
  object space 219136K, 43% used [0x00000000a0000000,0x00000000a5c939f0,0x00000000ad600000)
 Metaspace       used 89132K, capacity 92798K, committed 93080K, reserved 1130496K
  class space    used 11432K, capacity 12167K, committed 12200K, reserved 1048576K
}
Event: 1032.137 GC heap before
{Heap before GC invocations=31 (full 7):
 PSYoungGen      total 366080K, used 338324K [0x00000000e0000000, 0x00000000f9480000, 0x0000000100000000)
  eden space 327168K, 100% used [0x00000000e0000000,0x00000000f3f80000,0x00000000f3f80000)
  from space 38912K, 28% used [0x00000000f6e80000,0x00000000f7965240,0x00000000f9480000)
  to   space 43520K, 0% used [0x00000000f3f80000,0x00000000f3f80000,0x00000000f6a00000)
 ParOldGen       total 219136K, used 94798K [0x00000000a0000000, 0x00000000ad600000, 0x00000000e0000000)
  object space 219136K, 43% used [0x00000000a0000000,0x00000000a5c939f0,0x00000000ad600000)
 Metaspace       used 90641K, capacity 94710K, committed 94872K, reserved 1132544K
  class space    used 11592K, capacity 12411K, committed 12456K, reserved 1048576K
Event: 1032.184 GC heap after
Heap after GC invocations=31 (full 7):
 PSYoungGen      total 370688K, used 11599K [0x00000000e0000000, 0x00000000f9980000, 0x0000000100000000)
  eden space 327168K, 0% used [0x00000000e0000000,0x00000000e0000000,0x00000000f3f80000)
  from space 43520K, 26% used [0x00000000f3f80000,0x00000000f4ad3df0,0x00000000f6a00000)
  to   space 41984K, 0% used [0x00000000f7080000,0x00000000f7080000,0x00000000f9980000)
 ParOldGen       total 219136K, used 94806K [0x00000000a0000000, 0x00000000ad600000, 0x00000000e0000000)
  object space 219136K, 43% used [0x00000000a0000000,0x00000000a5c959f0,0x00000000ad600000)
 Metaspace       used 90641K, capacity 94710K, committed 94872K, reserved 1132544K
  class space    used 11592K, capacity 12411K, committed 12456K, reserved 1048576K
}

