# JRE version: OpenJDK Runtime Environment (8.0_202-b03) (build 1.8.0_202-release-1483-b03)
# Java VM: OpenJDK 64-Bit Server VM (25.202-b03 mixed mode windows-amd64 compressed oops)
Heap:
 PSYoungGen      total 408064K, used 139574K [0x00000000e0000000, 0x0000000100000000, 0x0000000100000000)
  eden space 325120K, 34% used [0x00000000e0000000,0x00000000e6d04550,0x00000000f3d80000)
  from space 82944K, 33% used [0x00000000f3d80000,0x00000000f58c9558,0x00000000f8e80000)
  to   space 77824K, 0% used [0x00000000fb400000,0x00000000fb400000,0x0000000100000000)
 ParOldGen       total 195584K, used 103289K [0x00000000a0000000, 0x00000000abf00000, 0x00000000e0000000)
  object space 195584K, 52% used [0x00000000a0000000,0x00000000a64de540,0x00000000abf00000)
 Metaspace       used 91674K, capacity 95472K, committed 95832K, reserved 1132544K
  class space    used 11551K, capacity 12289K, committed 12416K, reserved 1048576K
GC Heap History (10 events):
Event: 4518.446 GC heap before
{Heap before GC invocations=33 (full 5):
 PSYoungGen      total 335360K, used 299056K [0x00000000e0000000, 0x00000000f9600000, 0x0000000100000000)
  eden space 284672K, 100% used [0x00000000e0000000,0x00000000f1600000,0x00000000f1600000)
  from space 50688K, 28% used [0x00000000f1600000,0x00000000f240c070,0x00000000f4780000)
  to   space 48640K, 0% used [0x00000000f6680000,0x00000000f6680000,0x00000000f9600000)
 ParOldGen       total 184832K, used 115112K [0x00000000a0000000, 0x00000000ab480000, 0x00000000e0000000)
  object space 184832K, 62% used [0x00000000a0000000,0x00000000a706a0c8,0x00000000ab480000)
 Metaspace       used 87794K, capacity 91052K, committed 91224K, reserved 1128448K
  class space    used 11190K, capacity 11845K, committed 11904K, reserved 1048576K
Event: 4518.582 GC heap after
Heap after GC invocations=33 (full 5):
 PSYoungGen      total 352256K, used 48633K [0x00000000e0000000, 0x00000000fbe80000, 0x0000000100000000)
  eden space 303616K, 0% used [0x00000000e0000000,0x00000000e0000000,0x00000000f2880000)
  from space 48640K, 99% used [0x00000000f6680000,0x00000000f95fe7f0,0x00000000f9600000)
  to   space 63488K, 0% used [0x00000000f2880000,0x00000000f2880000,0x00000000f6680000)
 ParOldGen       total 184832K, used 133743K [0x00000000a0000000, 0x00000000ab480000, 0x00000000e0000000)
  object space 184832K, 72% used [0x00000000a0000000,0x00000000a829bd60,0x00000000ab480000)
 Metaspace       used 87794K, capacity 91052K, committed 91224K, reserved 1128448K
  class space    used 11190K, capacity 11845K, committed 11904K, reserved 1048576K
}
Event: 5931.862 GC heap before
{Heap before GC invocations=34 (full 5):
 PSYoungGen      total 352256K, used 352249K [0x00000000e0000000, 0x00000000fbe80000, 0x0000000100000000)
  eden space 303616K, 100% used [0x00000000e0000000,0x00000000f2880000,0x00000000f2880000)
  from space 48640K, 99% used [0x00000000f6680000,0x00000000f95fe7f0,0x00000000f9600000)
  to   space 63488K, 0% used [0x00000000f2880000,0x00000000f2880000,0x00000000f6680000)
 ParOldGen       total 184832K, used 133743K [0x00000000a0000000, 0x00000000ab480000, 0x00000000e0000000)
  object space 184832K, 72% used [0x00000000a0000000,0x00000000a829bd60,0x00000000ab480000)
 Metaspace       used 88190K, capacity 91712K, committed 91992K, reserved 1130496K
  class space    used 11209K, capacity 11879K, committed 11904K, reserved 1048576K
Event: 5932.046 GC heap after
Heap after GC invocations=34 (full 5):
 PSYoungGen      total 367104K, used 31672K [0x00000000e0000000, 0x00000000fcb80000, 0x0000000100000000)
  eden space 303616K, 0% used [0x00000000e0000000,0x00000000e0000000,0x00000000f2880000)
  from space 63488K, 49% used [0x00000000f2880000,0x00000000f476e208,0x00000000f6680000)
  to   space 62464K, 0% used [0x00000000f8e80000,0x00000000f8e80000,0x00000000fcb80000)
 ParOldGen       total 184832K, used 134971K [0x00000000a0000000, 0x00000000ab480000, 0x00000000e0000000)
  object space 184832K, 73% used [0x00000000a0000000,0x00000000a83cedf0,0x00000000ab480000)
 Metaspace       used 88190K, capacity 91712K, committed 91992K, reserved 1130496K
  class space    used 11209K, capacity 11879K, committed 11904K, reserved 1048576K
}
Event: 5934.446 GC heap before
{Heap before GC invocations=35 (full 5):
 PSYoungGen      total 367104K, used 332345K [0x00000000e0000000, 0x00000000fcb80000, 0x0000000100000000)
  eden space 303616K, 99% used [0x00000000e0000000,0x00000000f25a03f8,0x00000000f2880000)
  from space 63488K, 49% used [0x00000000f2880000,0x00000000f476e208,0x00000000f6680000)
  to   space 62464K, 0% used [0x00000000f8e80000,0x00000000f8e80000,0x00000000fcb80000)
 ParOldGen       total 184832K, used 134971K [0x00000000a0000000, 0x00000000ab480000, 0x00000000e0000000)
  object space 184832K, 73% used [0x00000000a0000000,0x00000000a83cedf0,0x00000000ab480000)
 Metaspace       used 88246K, capacity 91736K, committed 91992K, reserved 1130496K
  class space    used 11210K, capacity 11881K, committed 11904K, reserved 1048576K
Event: 5934.581 GC heap after
Heap after GC invocations=35 (full 5):
 PSYoungGen      total 387584K, used 62437K [0x00000000e0000000, 0x0000000100000000, 0x0000000100000000)
  eden space 325120K, 0% used [0x00000000e0000000,0x00000000e0000000,0x00000000f3d80000)
  from space 62464K, 99% used [0x00000000f8e80000,0x00000000fcb79498,0x00000000fcb80000)
  to   space 82944K, 0% used [0x00000000f3d80000,0x00000000f3d80000,0x00000000f8e80000)
 ParOldGen       total 184832K, used 161554K [0x00000000a0000000, 0x00000000ab480000, 0x00000000e0000000)
  object space 184832K, 87% used [0x00000000a0000000,0x00000000a9dc4858,0x00000000ab480000)
 Metaspace       used 88246K, capacity 91736K, committed 91992K, reserved 1130496K
  class space    used 11210K, capacity 11881K, committed 11904K, reserved 1048576K
}
Event: 5934.654 GC heap before
{Heap before GC invocations=36 (full 6):
 PSYoungGen      total 387584K, used 62437K [0x00000000e0000000, 0x0000000100000000, 0x0000000100000000)
  eden space 325120K, 0% used [0x00000000e0000000,0x00000000e0000000,0x00000000f3d80000)
  from space 62464K, 99% used [0x00000000f8e80000,0x00000000fcb79498,0x00000000fcb80000)
  to   space 82944K, 0% used [0x00000000f3d80000,0x00000000f3d80000,0x00000000f8e80000)
 ParOldGen       total 184832K, used 161554K [0x00000000a0000000, 0x00000000ab480000, 0x00000000e0000000)
  object space 184832K, 87% used [0x00000000a0000000,0x00000000a9dc4858,0x00000000ab480000)
 Metaspace       used 88246K, capacity 91736K, committed 91992K, reserved 1130496K
  class space    used 11210K, capacity 11881K, committed 11904K, reserved 1048576K
Event: 5935.480 GC heap after
Heap after GC invocations=36 (full 6):
 PSYoungGen      total 387584K, used 0K [0x00000000e0000000, 0x0000000100000000, 0x0000000100000000)
  eden space 325120K, 0% used [0x00000000e0000000,0x00000000e0000000,0x00000000f3d80000)
  from space 62464K, 0% used [0x00000000f8e80000,0x00000000f8e80000,0x00000000fcb80000)
  to   space 82944K, 0% used [0x00000000f3d80000,0x00000000f3d80000,0x00000000f8e80000)
 ParOldGen       total 195584K, used 103281K [0x00000000a0000000, 0x00000000abf00000, 0x00000000e0000000)
  object space 195584K, 52% used [0x00000000a0000000,0x00000000a64dc540,0x00000000abf00000)
 Metaspace       used 88169K, capacity 91612K, committed 91992K, reserved 1130496K
  class space    used 11199K, capacity 11859K, committed 11904K, reserved 1048576K
}
Event: 6353.367 GC heap before
{Heap before GC invocations=37 (full 6):
 PSYoungGen      total 387584K, used 325120K [0x00000000e0000000, 0x0000000100000000, 0x0000000100000000)
  eden space 325120K, 100% used [0x00000000e0000000,0x00000000f3d80000,0x00000000f3d80000)
  from space 62464K, 0% used [0x00000000f8e80000,0x00000000f8e80000,0x00000000fcb80000)
  to   space 82944K, 0% used [0x00000000f3d80000,0x00000000f3d80000,0x00000000f8e80000)
 ParOldGen       total 195584K, used 103281K [0x00000000a0000000, 0x00000000abf00000, 0x00000000e0000000)
  object space 195584K, 52% used [0x00000000a0000000,0x00000000a64dc540,0x00000000abf00000)
 Metaspace       used 89442K, capacity 93218K, committed 93528K, reserved 1130496K
  class space    used 11321K, capacity 12056K, committed 12160K, reserved 1048576K
Event: 6353.567 GC heap after
Heap after GC invocations=37 (full 6):
 PSYoungGen      total 408064K, used 27941K [0x00000000e0000000, 0x0000000100000000, 0x0000000100000000)
  eden space 325120K, 0% used [0x00000000e0000000,0x00000000e0000000,0x00000000f3d80000)
  from space 82944K, 33% used [0x00000000f3d80000,0x00000000f58c9558,0x00000000f8e80000)
  to   space 77824K, 0% used [0x00000000fb400000,0x00000000fb400000,0x0000000100000000)
 ParOldGen       total 195584K, used 103289K [0x00000000a0000000, 0x00000000abf00000, 0x00000000e0000000)
  object space 195584K, 52% used [0x00000000a0000000,0x00000000a64de540,0x00000000abf00000)
 Metaspace       used 89442K, capacity 93218K, committed 93528K, reserved 1130496K
  class space    used 11321K, capacity 12056K, committed 12160K, reserved 1048576K
}

